0	1	mikroCPIC1618.exe -MSF -DBG -pP16F876A -DL -O11111114 -fo16 -N"D:\Projetos\Fresadora CNC - TCC ELETRÔ\TCC-Mecatrônica\Projeto Hardware\controle CNC com serial1\Software\Controle_Fresadora_CNC_com_serial.mcppi" -SP"C:\Users\Public\Documents\Mikroelektronika\mikroC PRO for PIC\defs\" -SP"C:\Users\Public\Documents\Mikroelektronika\mikroC PRO for PIC\Uses\P16\" -SP"D:\Projetos\Fresadora CNC - TCC ELETRÔ\TCC-Mecatrônica\Projeto Hardware\controle CNC com serial1\Software\" -SP"C:\MikroC\mikroC PRO for PIC\defs\" -SP"C:\MikroC\mikroC PRO for PIC\Uses\P16\" -SP"D:\TCC-Mecatrônica\Projeto Hardware\controle CNC com serial1\Software\" -SP"C:\mikroC PRO for PIC\defs\" -SP"C:\mikroC PRO for PIC\Uses\P16\" -SP"E:\TCC-Mecatrônica\Projeto Hardware\controle CNC com serial1\Software\" -SP"E:\TCC-Mecatrônica\Projeto Hardware\controle CNC com serial\Software\" -SP"C:\Users\fhmbe\Desktop\controle CNC com serial\Software teste\" -SP"C:\Users\fhmbe\Desktop\controle CNC com serial\Software\" -SP"C:\Users\fhmbe\OneDrive\Documentos\TCC-Mecatrônica\Projeto Hardware\controle CNC com serial\Software\" "Controle_Fresadora_CNC_com_serial.c" "__Lib_Math.mcl" "__Lib_MathDouble.mcl" "__Lib_System.mcl" "__Lib_Delays.mcl" "__Lib_CType.mcl" "__Lib_CString.mcl" "__Lib_CStdlib.mcl" "__Lib_CMath.mcl" "__Lib_MemManager.mcl" "__Lib_Conversions.mcl" "__Lib_Sprinti.mcl" "__Lib_Sprintl.mcl" "__Lib_Time.mcl" "__Lib_Trigonometry.mcl" "__Lib_Button.mcl" "__Lib_Keypad4x4.mcl" "__Lib_Manchester.mcl" "__Lib_OneWire.mcl" "__Lib_PS2.mcl" "__Lib_Sound.mcl" "__Lib_SoftI2C.mcl" "__Lib_SoftSPI.mcl" "__Lib_SoftUART.mcl" "__Lib_ADC_A_C.mcl" "__Lib_EEPROM.mcl" "__Lib_FLASH_RW.mcl" "__Lib_I2C_c34.mcl" "__Lib_PWM_c21.mcl" "__Lib_SPI_c345.mcl" "__Lib_UART_c67.mcl" "__Lib_PortExpander.mcl" "__Lib_CANSPI.mcl" "__Lib_CF.mcl" "__Lib_GlcdFonts.mcl" "__Lib_Glcd.mcl" "__Lib_LcdConsts.mcl" "__Lib_Lcd.mcl" "__Lib_RS485.mcl" "__Lib_S1D13700.mcl" "__Lib_T6963C.mcl" "__Lib_SPIGlcd.mcl" "__Lib_SPILcd.mcl" "__Lib_SPILcd8.mcl" "__Lib_SPIT6963C.mcl" "__Lib_EthEnc28j60.mcl" "__Lib_EthEnc24j600.mcl" "__Lib_TouchPanel.mcl"	 
warning: 0	1501	Specified search path does not exist: 'C:\MikroC\mikroC PRO for PIC\defs'	 
warning: 0	1501	Specified search path does not exist: 'C:\MikroC\mikroC PRO for PIC\Uses\P16'	 
warning: 0	1501	Specified search path does not exist: 'D:\TCC-Mecatrônica\Projeto Hardware\controle CNC com serial1\Software'	 
warning: 0	1501	Specified search path does not exist: 'C:\mikroC PRO for PIC\defs'	 
warning: 0	1501	Specified search path does not exist: 'C:\mikroC PRO for PIC\Uses\P16'	 
warning: 0	1501	Specified search path does not exist: 'E:\TCC-Mecatrônica\Projeto Hardware\controle CNC com serial1\Software'	 
warning: 0	1501	Specified search path does not exist: 'E:\TCC-Mecatrônica\Projeto Hardware\controle CNC com serial\Software'	 
warning: 0	1501	Specified search path does not exist: 'C:\Users\fhmbe\Desktop\controle CNC com serial\Software teste'	 
warning: 0	1501	Specified search path does not exist: 'C:\Users\fhmbe\Desktop\controle CNC com serial\Software'	 
warning: 0	1501	Specified search path does not exist: 'C:\Users\fhmbe\OneDrive\Documentos\TCC-Mecatrônica\Projeto Hardware\controle CNC com serial\Software'	 
hint: 0	1139	Available RAM: 352 [bytes], Available ROM: 8192 [bytes]	 
diagnostics: 0	126	All files Preprocessed in 63 ms	 
diagnostics: 0	122	Compilation Started	Controle_Fresadora_CNC_com_serial.c
warning: 34	1509	Generated baud rate is 9615 bps (error = 0.16 percent)	Controle_Fresadora_CNC_com_serial.c
diagnostics: 242	123	Compiled Successfully	Controle_Fresadora_CNC_com_serial.c
diagnostics: 0	127	All files Compiled in 93 ms	 
hint: 0	1144	Used RAM (bytes): 167 (47%)  Free RAM (bytes): 185 (53%)	Used RAM (bytes): 167 (47%)  Free RAM (bytes): 185 (53%)
hint: 0	1144	Used ROM (program words): 1399 (17%)  Free ROM (program words): 6793 (83%)	Used ROM (program words): 1399 (17%)  Free ROM (program words): 6793 (83%)
diagnostics: 0	125	Project Linked Successfully	Controle_Fresadora_CNC_com_serial.mcppi
diagnostics: 0	128	Linked in 141 ms	 
diagnostics: 0	129	Project 'Controle_Fresadora_CNC_com_serial.mcppi' completed: 406 ms	 
diagnostics: 0	103	Finished successfully: 05 ago 2018, 23:13:53	Controle_Fresadora_CNC_com_serial.mcppi
