;  LST file generated by mikroListExporter - v.2.0 
; Date/Time: 05/08/2018 23:13:53
;----------------------------------------------

;Address Opcode 	ASM
0x0000	0x2AF5      	GOTO       757
_Delay_1us:
;__Lib_Delays.c,7 :: 		void Delay_1us() {
;__Lib_Delays.c,8 :: 		Delay_us(1);
0x0003	0x0000      	NOP
0x0004	0x0000      	NOP
0x0005	0x0000      	NOP
0x0006	0x0000      	NOP
;__Lib_Delays.c,9 :: 		}
L_end_Delay_1us:
0x0007	0x0008      	RETURN
; end of _Delay_1us
_Delay_5500us:
;__Lib_Delays.c,31 :: 		void Delay_5500us() {
;__Lib_Delays.c,32 :: 		Delay_us(5500);
0x0008	0x301D      	MOVLW      29
0x0009	0x1283      	BCF        STATUS, 5
0x000A	0x1303      	BCF        STATUS, 6
0x000B	0x00FC      	MOVWF      R12
0x000C	0x3091      	MOVLW      145
0x000D	0x00FD      	MOVWF      R13
L_Delay_5500us5:
0x000E	0x0BFD      	DECFSZ     R13, 1
0x000F	0x280E      	GOTO       L_Delay_5500us5
0x0010	0x0BFC      	DECFSZ     R12, 1
0x0011	0x280E      	GOTO       L_Delay_5500us5
;__Lib_Delays.c,33 :: 		}
L_end_Delay_5500us:
0x0012	0x0008      	RETURN
; end of _Delay_5500us
_Delay_50us:
;__Lib_Delays.c,19 :: 		void Delay_50us() {
;__Lib_Delays.c,20 :: 		Delay_us(50);
0x0013	0x3042      	MOVLW      66
0x0014	0x1283      	BCF        STATUS, 5
0x0015	0x1303      	BCF        STATUS, 6
0x0016	0x00FD      	MOVWF      R13
L_Delay_50us2:
0x0017	0x0BFD      	DECFSZ     R13, 1
0x0018	0x2817      	GOTO       L_Delay_50us2
0x0019	0x0000      	NOP
;__Lib_Delays.c,21 :: 		}
L_end_Delay_50us:
0x001A	0x0008      	RETURN
; end of _Delay_50us
_Lcd_Cmd:
;__Lib_Lcd.c,18 :: 		
;__Lib_Lcd.c,20 :: 		
0x001B	0x1283      	BCF        STATUS, 5
0x001C	0x1703      	BSF        STATUS, 6
0x001D	0x1B96      	BTFSC      FARG_Lcd_Cmd_out_char, 7
0x001E	0x2821      	GOTO       L__Lcd_Cmd21
0x001F	0x1386      	BCF        LCD_D7, BitPos(LCD_D7+0)
0x0020	0x2822      	GOTO       L__Lcd_Cmd22
L__Lcd_Cmd21:
0x0021	0x1786      	BSF        LCD_D7, BitPos(LCD_D7+0)
L__Lcd_Cmd22:
;__Lib_Lcd.c,21 :: 		
0x0022	0x1B16      	BTFSC      FARG_Lcd_Cmd_out_char, 6
0x0023	0x2826      	GOTO       L__Lcd_Cmd23
0x0024	0x1306      	BCF        LCD_D6, BitPos(LCD_D6+0)
0x0025	0x2827      	GOTO       L__Lcd_Cmd24
L__Lcd_Cmd23:
0x0026	0x1706      	BSF        LCD_D6, BitPos(LCD_D6+0)
L__Lcd_Cmd24:
;__Lib_Lcd.c,22 :: 		
0x0027	0x1A96      	BTFSC      FARG_Lcd_Cmd_out_char, 5
0x0028	0x282B      	GOTO       L__Lcd_Cmd25
0x0029	0x1286      	BCF        LCD_D5, BitPos(LCD_D5+0)
0x002A	0x282C      	GOTO       L__Lcd_Cmd26
L__Lcd_Cmd25:
0x002B	0x1686      	BSF        LCD_D5, BitPos(LCD_D5+0)
L__Lcd_Cmd26:
;__Lib_Lcd.c,23 :: 		
0x002C	0x1A16      	BTFSC      FARG_Lcd_Cmd_out_char, 4
0x002D	0x2830      	GOTO       L__Lcd_Cmd27
0x002E	0x1206      	BCF        LCD_D4, BitPos(LCD_D4+0)
0x002F	0x2831      	GOTO       L__Lcd_Cmd28
L__Lcd_Cmd27:
0x0030	0x1606      	BSF        LCD_D4, BitPos(LCD_D4+0)
L__Lcd_Cmd28:
;__Lib_Lcd.c,25 :: 		
0x0031	0x1303      	BCF        STATUS, 6
0x0032	0x186F      	BTFSC      __Lib_Lcd_cmd_status, BitPos(__Lib_Lcd_cmd_status+0)
0x0033	0x2836      	GOTO       L__Lcd_Cmd29
0x0034	0x1506      	BSF        LCD_RS, BitPos(LCD_RS+0)
0x0035	0x2837      	GOTO       L__Lcd_Cmd30
L__Lcd_Cmd29:
0x0036	0x1106      	BCF        LCD_RS, BitPos(LCD_RS+0)
L__Lcd_Cmd30:
;__Lib_Lcd.c,28 :: 		
0x0037	0x1586      	BSF        LCD_EN, BitPos(LCD_EN+0)
;__Lib_Lcd.c,29 :: 		
0x0038	0x2003      	CALL       _Delay_1us
;__Lib_Lcd.c,30 :: 		
0x0039	0x1186      	BCF        LCD_EN, BitPos(LCD_EN+0)
;__Lib_Lcd.c,33 :: 		
0x003A	0x1703      	BSF        STATUS, 6
0x003B	0x1996      	BTFSC      FARG_Lcd_Cmd_out_char, 3
0x003C	0x283F      	GOTO       L__Lcd_Cmd31
0x003D	0x1386      	BCF        LCD_D7, BitPos(LCD_D7+0)
0x003E	0x2840      	GOTO       L__Lcd_Cmd32
L__Lcd_Cmd31:
0x003F	0x1786      	BSF        LCD_D7, BitPos(LCD_D7+0)
L__Lcd_Cmd32:
;__Lib_Lcd.c,34 :: 		
0x0040	0x1916      	BTFSC      FARG_Lcd_Cmd_out_char, 2
0x0041	0x2844      	GOTO       L__Lcd_Cmd33
0x0042	0x1306      	BCF        LCD_D6, BitPos(LCD_D6+0)
0x0043	0x2845      	GOTO       L__Lcd_Cmd34
L__Lcd_Cmd33:
0x0044	0x1706      	BSF        LCD_D6, BitPos(LCD_D6+0)
L__Lcd_Cmd34:
;__Lib_Lcd.c,35 :: 		
0x0045	0x1896      	BTFSC      FARG_Lcd_Cmd_out_char, 1
0x0046	0x2849      	GOTO       L__Lcd_Cmd35
0x0047	0x1286      	BCF        LCD_D5, BitPos(LCD_D5+0)
0x0048	0x284A      	GOTO       L__Lcd_Cmd36
L__Lcd_Cmd35:
0x0049	0x1686      	BSF        LCD_D5, BitPos(LCD_D5+0)
L__Lcd_Cmd36:
;__Lib_Lcd.c,36 :: 		
0x004A	0x1816      	BTFSC      FARG_Lcd_Cmd_out_char, 0
0x004B	0x284E      	GOTO       L__Lcd_Cmd37
0x004C	0x1206      	BCF        LCD_D4, BitPos(LCD_D4+0)
0x004D	0x284F      	GOTO       L__Lcd_Cmd38
L__Lcd_Cmd37:
0x004E	0x1606      	BSF        LCD_D4, BitPos(LCD_D4+0)
L__Lcd_Cmd38:
;__Lib_Lcd.c,38 :: 		
0x004F	0x1303      	BCF        STATUS, 6
0x0050	0x186F      	BTFSC      __Lib_Lcd_cmd_status, BitPos(__Lib_Lcd_cmd_status+0)
0x0051	0x2854      	GOTO       L__Lcd_Cmd39
0x0052	0x1506      	BSF        LCD_RS, BitPos(LCD_RS+0)
0x0053	0x2855      	GOTO       L__Lcd_Cmd40
L__Lcd_Cmd39:
0x0054	0x1106      	BCF        LCD_RS, BitPos(LCD_RS+0)
L__Lcd_Cmd40:
;__Lib_Lcd.c,40 :: 		
0x0055	0x1586      	BSF        LCD_EN, BitPos(LCD_EN+0)
;__Lib_Lcd.c,41 :: 		
0x0056	0x2003      	CALL       _Delay_1us
;__Lib_Lcd.c,42 :: 		
0x0057	0x1186      	BCF        LCD_EN, BitPos(LCD_EN+0)
;__Lib_Lcd.c,44 :: 		
0x0058	0x1C6F      	BTFSS      __Lib_Lcd_cmd_status, BitPos(__Lib_Lcd_cmd_status+0)
0x0059	0x285C      	GOTO       L_Lcd_Cmd0
;__Lib_Lcd.c,45 :: 		
0x005A	0x2008      	CALL       _Delay_5500us
0x005B	0x285D      	GOTO       L_Lcd_Cmd1
L_Lcd_Cmd0:
;__Lib_Lcd.c,47 :: 		
0x005C	0x2013      	CALL       _Delay_50us
L_Lcd_Cmd1:
;__Lib_Lcd.c,48 :: 		
L_end_Lcd_Cmd:
0x005D	0x0008      	RETURN
; end of _Lcd_Cmd
_UART1_Write:
;__Lib_UART_c67.c,39 :: 		
;__Lib_UART_c67.c,40 :: 		
L_UART1_Write3:
0x005E	0x1683      	BSF        STATUS, 5
0x005F	0x1303      	BCF        STATUS, 6
0x0060	0x1898      	BTFSC      TXSTA, 1
0x0061	0x2864      	GOTO       L_UART1_Write4
;__Lib_UART_c67.c,41 :: 		
0x0062	0x0000      	NOP
0x0063	0x285E      	GOTO       L_UART1_Write3
L_UART1_Write4:
;__Lib_UART_c67.c,42 :: 		
0x0064	0x1283      	BCF        STATUS, 5
0x0065	0x1703      	BSF        STATUS, 6
0x0066	0x0815      	MOVF       FARG_UART1_Write_data_, 0
0x0067	0x1303      	BCF        STATUS, 6
0x0068	0x0099      	MOVWF      TXREG
;__Lib_UART_c67.c,43 :: 		
L_end_UART1_Write:
0x0069	0x0008      	RETURN
; end of _UART1_Write
_Lcd_Chr_CP:
;__Lib_Lcd.c,50 :: 		
;__Lib_Lcd.c,52 :: 		
0x006A	0x1283      	BCF        STATUS, 5
0x006B	0x1303      	BCF        STATUS, 6
0x006C	0x106F      	BCF        __Lib_Lcd_cmd_status, BitPos(__Lib_Lcd_cmd_status+0)
;__Lib_Lcd.c,53 :: 		
0x006D	0x1703      	BSF        STATUS, 6
0x006E	0x0815      	MOVF       FARG_Lcd_Chr_CP_out_char, 0
0x006F	0x0096      	MOVWF      FARG_Lcd_Cmd_out_char
0x0070	0x201B      	CALL       _Lcd_Cmd
;__Lib_Lcd.c,54 :: 		
0x0071	0x146F      	BSF        __Lib_Lcd_cmd_status, BitPos(__Lib_Lcd_cmd_status+0)
;__Lib_Lcd.c,55 :: 		
L_end_Lcd_Chr_CP:
0x0072	0x0008      	RETURN
; end of _Lcd_Chr_CP
_Lcd_Out:
;__Lib_Lcd.c,184 :: 		
;__Lib_Lcd.c,187 :: 		
0x0073	0x2885      	GOTO       L_Lcd_Out11
;__Lib_Lcd.c,188 :: 		
L_Lcd_Out13:
0x0074	0x3080      	MOVLW      128
0x0075	0x1283      	BCF        STATUS, 5
0x0076	0x1703      	BSF        STATUS, 6
0x0077	0x0091      	MOVWF      FARG_Lcd_Out_row
0x0078	0x2898      	GOTO       L_Lcd_Out12
;__Lib_Lcd.c,189 :: 		
L_Lcd_Out14:
0x0079	0x30C0      	MOVLW      192
0x007A	0x0091      	MOVWF      FARG_Lcd_Out_row
0x007B	0x2898      	GOTO       L_Lcd_Out12
;__Lib_Lcd.c,190 :: 		
L_Lcd_Out15:
0x007C	0x3094      	MOVLW      148
0x007D	0x0091      	MOVWF      FARG_Lcd_Out_row
0x007E	0x2898      	GOTO       L_Lcd_Out12
;__Lib_Lcd.c,191 :: 		
L_Lcd_Out16:
0x007F	0x30D4      	MOVLW      212
0x0080	0x0091      	MOVWF      FARG_Lcd_Out_row
0x0081	0x2898      	GOTO       L_Lcd_Out12
;__Lib_Lcd.c,192 :: 		
L_Lcd_Out17:
0x0082	0x3080      	MOVLW      128
0x0083	0x0091      	MOVWF      FARG_Lcd_Out_row
;__Lib_Lcd.c,193 :: 		
0x0084	0x2898      	GOTO       L_Lcd_Out12
L_Lcd_Out11:
0x0085	0x1283      	BCF        STATUS, 5
0x0086	0x1703      	BSF        STATUS, 6
0x0087	0x0811      	MOVF       FARG_Lcd_Out_row, 0
0x0088	0x3A01      	XORLW      1
0x0089	0x1903      	BTFSC      STATUS, 2
0x008A	0x2874      	GOTO       L_Lcd_Out13
0x008B	0x0811      	MOVF       FARG_Lcd_Out_row, 0
0x008C	0x3A02      	XORLW      2
0x008D	0x1903      	BTFSC      STATUS, 2
0x008E	0x2879      	GOTO       L_Lcd_Out14
0x008F	0x0811      	MOVF       FARG_Lcd_Out_row, 0
0x0090	0x3A03      	XORLW      3
0x0091	0x1903      	BTFSC      STATUS, 2
0x0092	0x287C      	GOTO       L_Lcd_Out15
0x0093	0x0811      	MOVF       FARG_Lcd_Out_row, 0
0x0094	0x3A04      	XORLW      4
0x0095	0x1903      	BTFSC      STATUS, 2
0x0096	0x287F      	GOTO       L_Lcd_Out16
0x0097	0x2882      	GOTO       L_Lcd_Out17
L_Lcd_Out12:
;__Lib_Lcd.c,194 :: 		
0x0098	0x0312      	DECF       FARG_Lcd_Out_column, 0
0x0099	0x00F0      	MOVWF      R0
0x009A	0x0811      	MOVF       FARG_Lcd_Out_row, 0
0x009B	0x07F0      	ADDWF      R0, 1
0x009C	0x0870      	MOVF       R0, 0
0x009D	0x0091      	MOVWF      FARG_Lcd_Out_row
;__Lib_Lcd.c,196 :: 		
0x009E	0x0870      	MOVF       R0, 0
0x009F	0x0096      	MOVWF      FARG_Lcd_Cmd_out_char
0x00A0	0x201B      	CALL       _Lcd_Cmd
;__Lib_Lcd.c,197 :: 		
0x00A1	0x106F      	BCF        __Lib_Lcd_cmd_status, BitPos(__Lib_Lcd_cmd_status+0)
;__Lib_Lcd.c,198 :: 		
0x00A2	0x1703      	BSF        STATUS, 6
0x00A3	0x0194      	CLRF       Lcd_Out_i_L0
;__Lib_Lcd.c,199 :: 		
L_Lcd_Out18:
0x00A4	0x0814      	MOVF       Lcd_Out_i_L0, 0
0x00A5	0x0713      	ADDWF      FARG_Lcd_Out_text, 0
0x00A6	0x0084      	MOVWF      FSR
0x00A7	0x0800      	MOVF       INDF, 0
0x00A8	0x1903      	BTFSC      STATUS, 2
0x00A9	0x28B3      	GOTO       L_Lcd_Out19
;__Lib_Lcd.c,200 :: 		
0x00AA	0x0814      	MOVF       Lcd_Out_i_L0, 0
0x00AB	0x0713      	ADDWF      FARG_Lcd_Out_text, 0
0x00AC	0x0084      	MOVWF      FSR
0x00AD	0x0800      	MOVF       INDF, 0
0x00AE	0x0095      	MOVWF      FARG_Lcd_Chr_CP_out_char
0x00AF	0x206A      	CALL       _Lcd_Chr_CP
0x00B0	0x1703      	BSF        STATUS, 6
0x00B1	0x0A94      	INCF       Lcd_Out_i_L0, 1
0x00B2	0x28A4      	GOTO       L_Lcd_Out18
L_Lcd_Out19:
;__Lib_Lcd.c,201 :: 		
0x00B3	0x1303      	BCF        STATUS, 6
0x00B4	0x146F      	BSF        __Lib_Lcd_cmd_status, BitPos(__Lib_Lcd_cmd_status+0)
;__Lib_Lcd.c,202 :: 		
L_end_Lcd_Out:
0x00B5	0x0008      	RETURN
; end of _Lcd_Out
_Delay_22us:
;__Lib_Delays.c,15 :: 		void Delay_22us() {
;__Lib_Delays.c,16 :: 		Delay_us(22);
0x00B6	0x301D      	MOVLW      29
0x00B7	0x1283      	BCF        STATUS, 5
0x00B8	0x1303      	BCF        STATUS, 6
0x00B9	0x00FD      	MOVWF      R13
L_Delay_22us1:
0x00BA	0x0BFD      	DECFSZ     R13, 1
0x00BB	0x28BA      	GOTO       L_Delay_22us1
;__Lib_Delays.c,17 :: 		}
L_end_Delay_22us:
0x00BC	0x0008      	RETURN
; end of _Delay_22us
_UART1_Write_Text:
;__Lib_UART_c67.c,47 :: 		
;__Lib_UART_c67.c,48 :: 		
0x00BD	0x1283      	BCF        STATUS, 5
0x00BE	0x1703      	BSF        STATUS, 6
0x00BF	0x0193      	CLRF       UART1_Write_Text_counter_L0
;__Lib_UART_c67.c,50 :: 		
0x00C0	0x0811      	MOVF       FARG_UART1_Write_Text_uart_text, 0
0x00C1	0x0084      	MOVWF      FSR
0x00C2	0x0800      	MOVF       INDF, 0
0x00C3	0x0092      	MOVWF      UART1_Write_Text_data__L0
;__Lib_UART_c67.c,51 :: 		
L_UART1_Write_Text5:
0x00C4	0x0812      	MOVF       UART1_Write_Text_data__L0, 0
0x00C5	0x3A00      	XORLW      0
0x00C6	0x1903      	BTFSC      STATUS, 2
0x00C7	0x28D3      	GOTO       L_UART1_Write_Text6
;__Lib_UART_c67.c,52 :: 		
0x00C8	0x0812      	MOVF       UART1_Write_Text_data__L0, 0
0x00C9	0x0095      	MOVWF      FARG_UART1_Write_data_
0x00CA	0x205E      	CALL       _UART1_Write
;__Lib_UART_c67.c,53 :: 		
0x00CB	0x1703      	BSF        STATUS, 6
0x00CC	0x0A93      	INCF       UART1_Write_Text_counter_L0, 1
;__Lib_UART_c67.c,54 :: 		
0x00CD	0x0813      	MOVF       UART1_Write_Text_counter_L0, 0
0x00CE	0x0711      	ADDWF      FARG_UART1_Write_Text_uart_text, 0
0x00CF	0x0084      	MOVWF      FSR
0x00D0	0x0800      	MOVF       INDF, 0
0x00D1	0x0092      	MOVWF      UART1_Write_Text_data__L0
;__Lib_UART_c67.c,55 :: 		
0x00D2	0x28C4      	GOTO       L_UART1_Write_Text5
L_UART1_Write_Text6:
;__Lib_UART_c67.c,56 :: 		
L_end_UART1_Write_Text:
0x00D3	0x0008      	RETURN
; end of _UART1_Write_Text
_____DoICP:
;__Lib_System.c,6 :: 		
;__Lib_System.c,9 :: 		
0x00D4	0x1683      	BSF        STATUS, 5
0x00D5	0x1303      	BCF        STATUS, 6
0x00D6	0x086F      	MOVF       ___DoICPAddr+1, 0
0x00D7	0x008A      	MOVWF      PCLATH
;__Lib_System.c,10 :: 		
0x00D8	0x086E      	MOVF       ___DoICPAddr, 0
0x00D9	0x0082      	MOVWF      PCL
;__Lib_System.c,12 :: 		
L_end_____DoICP:
0x00DA	0x0008      	RETURN
; end of _____DoICP
_UART1_Data_Ready:
;__Lib_UART_c67.c,16 :: 		
;__Lib_UART_c67.c,17 :: 		
0x00DB	0x3000      	MOVLW      0
0x00DC	0x1283      	BCF        STATUS, 5
0x00DD	0x1303      	BCF        STATUS, 6
0x00DE	0x1A8C      	BTFSC      PIR1, 5
0x00DF	0x3001      	MOVLW      1
0x00E0	0x00F0      	MOVWF      R0
;__Lib_UART_c67.c,18 :: 		
L_end_UART1_Data_Ready:
0x00E1	0x0008      	RETURN
; end of _UART1_Data_Ready
_caracteres:
;Controle_Fresadora_CNC_com_serial.c,202 :: 		void caracteres()
;Controle_Fresadora_CNC_com_serial.c,205 :: 		Lcd_Cmd(64);
0x00E2	0x3040      	MOVLW      64
0x00E3	0x1283      	BCF        STATUS, 5
0x00E4	0x1703      	BSF        STATUS, 6
0x00E5	0x0096      	MOVWF      FARG_Lcd_Cmd_out_char
0x00E6	0x201B      	CALL       _Lcd_Cmd
;Controle_Fresadora_CNC_com_serial.c,206 :: 		for (i = 0; i<=7; i++) Lcd_Chr_CP(characterF[i]);
0x00E7	0x1703      	BSF        STATUS, 6
0x00E8	0x0190      	CLRF       caracteres_i_L0
L_caracteres38:
0x00E9	0x0810      	MOVF       caracteres_i_L0, 0
0x00EA	0x3C07      	SUBLW      7
0x00EB	0x1C03      	BTFSS      STATUS, 0
0x00EC	0x2904      	GOTO       L_caracteres39
0x00ED	0x0810      	MOVF       caracteres_i_L0, 0
0x00EE	0x3EEA      	ADDLW      _characterF
0x00EF	0x00F0      	MOVWF      R0
0x00F0	0x3004      	MOVLW      hi_addr(_characterF)
0x00F1	0x1803      	BTFSC      STATUS, 0
0x00F2	0x3E01      	ADDLW      1
0x00F3	0x00F1      	MOVWF      R0+1
0x00F4	0x0870      	MOVF       R0, 0
0x00F5	0x1683      	BSF        STATUS, 5
0x00F6	0x1303      	BCF        STATUS, 6
0x00F7	0x00EE      	MOVWF      ___DoICPAddr
0x00F8	0x0871      	MOVF       R0+1, 0
0x00F9	0x00EF      	MOVWF      ___DoICPAddr+1
0x00FA	0x20D4      	CALL       _____DoICP
0x00FB	0x118A      	BCF        PCLATH, 3
0x00FC	0x120A      	BCF        PCLATH, 4
0x00FD	0x1283      	BCF        STATUS, 5
0x00FE	0x1703      	BSF        STATUS, 6
0x00FF	0x0095      	MOVWF      FARG_Lcd_Chr_CP_out_char
0x0100	0x206A      	CALL       _Lcd_Chr_CP
0x0101	0x1703      	BSF        STATUS, 6
0x0102	0x0A90      	INCF       caracteres_i_L0, 1
0x0103	0x28E9      	GOTO       L_caracteres38
L_caracteres39:
;Controle_Fresadora_CNC_com_serial.c,207 :: 		for (i = 0; i<=7; i++) Lcd_Chr_CP(characterC[i]);
0x0104	0x0190      	CLRF       caracteres_i_L0
L_caracteres41:
0x0105	0x0810      	MOVF       caracteres_i_L0, 0
0x0106	0x3C07      	SUBLW      7
0x0107	0x1C03      	BTFSS      STATUS, 0
0x0108	0x2920      	GOTO       L_caracteres42
0x0109	0x0810      	MOVF       caracteres_i_L0, 0
0x010A	0x3ECA      	ADDLW      _characterC
0x010B	0x00F0      	MOVWF      R0
0x010C	0x3004      	MOVLW      hi_addr(_characterC)
0x010D	0x1803      	BTFSC      STATUS, 0
0x010E	0x3E01      	ADDLW      1
0x010F	0x00F1      	MOVWF      R0+1
0x0110	0x0870      	MOVF       R0, 0
0x0111	0x1683      	BSF        STATUS, 5
0x0112	0x1303      	BCF        STATUS, 6
0x0113	0x00EE      	MOVWF      ___DoICPAddr
0x0114	0x0871      	MOVF       R0+1, 0
0x0115	0x00EF      	MOVWF      ___DoICPAddr+1
0x0116	0x20D4      	CALL       _____DoICP
0x0117	0x118A      	BCF        PCLATH, 3
0x0118	0x120A      	BCF        PCLATH, 4
0x0119	0x1283      	BCF        STATUS, 5
0x011A	0x1703      	BSF        STATUS, 6
0x011B	0x0095      	MOVWF      FARG_Lcd_Chr_CP_out_char
0x011C	0x206A      	CALL       _Lcd_Chr_CP
0x011D	0x1703      	BSF        STATUS, 6
0x011E	0x0A90      	INCF       caracteres_i_L0, 1
0x011F	0x2905      	GOTO       L_caracteres41
L_caracteres42:
;Controle_Fresadora_CNC_com_serial.c,208 :: 		for (i = 0; i<=7; i++) Lcd_Chr_CP(characterN[i]);
0x0120	0x0190      	CLRF       caracteres_i_L0
L_caracteres44:
0x0121	0x0810      	MOVF       caracteres_i_L0, 0
0x0122	0x3C07      	SUBLW      7
0x0123	0x1C03      	BTFSS      STATUS, 0
0x0124	0x293C      	GOTO       L_caracteres45
0x0125	0x0810      	MOVF       caracteres_i_L0, 0
0x0126	0x3EDA      	ADDLW      _characterN
0x0127	0x00F0      	MOVWF      R0
0x0128	0x3004      	MOVLW      hi_addr(_characterN)
0x0129	0x1803      	BTFSC      STATUS, 0
0x012A	0x3E01      	ADDLW      1
0x012B	0x00F1      	MOVWF      R0+1
0x012C	0x0870      	MOVF       R0, 0
0x012D	0x1683      	BSF        STATUS, 5
0x012E	0x1303      	BCF        STATUS, 6
0x012F	0x00EE      	MOVWF      ___DoICPAddr
0x0130	0x0871      	MOVF       R0+1, 0
0x0131	0x00EF      	MOVWF      ___DoICPAddr+1
0x0132	0x20D4      	CALL       _____DoICP
0x0133	0x118A      	BCF        PCLATH, 3
0x0134	0x120A      	BCF        PCLATH, 4
0x0135	0x1283      	BCF        STATUS, 5
0x0136	0x1703      	BSF        STATUS, 6
0x0137	0x0095      	MOVWF      FARG_Lcd_Chr_CP_out_char
0x0138	0x206A      	CALL       _Lcd_Chr_CP
0x0139	0x1703      	BSF        STATUS, 6
0x013A	0x0A90      	INCF       caracteres_i_L0, 1
0x013B	0x2921      	GOTO       L_caracteres44
L_caracteres45:
;Controle_Fresadora_CNC_com_serial.c,209 :: 		for (i = 0; i<=7; i++) Lcd_Chr_CP(character1[i]);
0x013C	0x0190      	CLRF       caracteres_i_L0
L_caracteres47:
0x013D	0x0810      	MOVF       caracteres_i_L0, 0
0x013E	0x3C07      	SUBLW      7
0x013F	0x1C03      	BTFSS      STATUS, 0
0x0140	0x2958      	GOTO       L_caracteres48
0x0141	0x0810      	MOVF       caracteres_i_L0, 0
0x0142	0x3ED2      	ADDLW      _character1
0x0143	0x00F0      	MOVWF      R0
0x0144	0x3004      	MOVLW      hi_addr(_character1)
0x0145	0x1803      	BTFSC      STATUS, 0
0x0146	0x3E01      	ADDLW      1
0x0147	0x00F1      	MOVWF      R0+1
0x0148	0x0870      	MOVF       R0, 0
0x0149	0x1683      	BSF        STATUS, 5
0x014A	0x1303      	BCF        STATUS, 6
0x014B	0x00EE      	MOVWF      ___DoICPAddr
0x014C	0x0871      	MOVF       R0+1, 0
0x014D	0x00EF      	MOVWF      ___DoICPAddr+1
0x014E	0x20D4      	CALL       _____DoICP
0x014F	0x118A      	BCF        PCLATH, 3
0x0150	0x120A      	BCF        PCLATH, 4
0x0151	0x1283      	BCF        STATUS, 5
0x0152	0x1703      	BSF        STATUS, 6
0x0153	0x0095      	MOVWF      FARG_Lcd_Chr_CP_out_char
0x0154	0x206A      	CALL       _Lcd_Chr_CP
0x0155	0x1703      	BSF        STATUS, 6
0x0156	0x0A90      	INCF       caracteres_i_L0, 1
0x0157	0x293D      	GOTO       L_caracteres47
L_caracteres48:
;Controle_Fresadora_CNC_com_serial.c,210 :: 		for (i = 0; i<=7; i++) Lcd_Chr_CP(characterB[i]);
0x0158	0x0190      	CLRF       caracteres_i_L0
L_caracteres50:
0x0159	0x0810      	MOVF       caracteres_i_L0, 0
0x015A	0x3C07      	SUBLW      7
0x015B	0x1C03      	BTFSS      STATUS, 0
0x015C	0x2974      	GOTO       L_caracteres51
0x015D	0x0810      	MOVF       caracteres_i_L0, 0
0x015E	0x3EE2      	ADDLW      _characterB
0x015F	0x00F0      	MOVWF      R0
0x0160	0x3004      	MOVLW      hi_addr(_characterB)
0x0161	0x1803      	BTFSC      STATUS, 0
0x0162	0x3E01      	ADDLW      1
0x0163	0x00F1      	MOVWF      R0+1
0x0164	0x0870      	MOVF       R0, 0
0x0165	0x1683      	BSF        STATUS, 5
0x0166	0x1303      	BCF        STATUS, 6
0x0167	0x00EE      	MOVWF      ___DoICPAddr
0x0168	0x0871      	MOVF       R0+1, 0
0x0169	0x00EF      	MOVWF      ___DoICPAddr+1
0x016A	0x20D4      	CALL       _____DoICP
0x016B	0x118A      	BCF        PCLATH, 3
0x016C	0x120A      	BCF        PCLATH, 4
0x016D	0x1283      	BCF        STATUS, 5
0x016E	0x1703      	BSF        STATUS, 6
0x016F	0x0095      	MOVWF      FARG_Lcd_Chr_CP_out_char
0x0170	0x206A      	CALL       _Lcd_Chr_CP
0x0171	0x1703      	BSF        STATUS, 6
0x0172	0x0A90      	INCF       caracteres_i_L0, 1
0x0173	0x2959      	GOTO       L_caracteres50
L_caracteres51:
;Controle_Fresadora_CNC_com_serial.c,211 :: 		}
L_end_caracteres:
0x0174	0x0008      	RETURN
; end of _caracteres
_ADC_Read:
;__Lib_ADC_A_C.c,45 :: 		
;__Lib_ADC_A_C.c,47 :: 		
0x0175	0x1283      	BCF        STATUS, 5
0x0176	0x1303      	BCF        STATUS, 6
0x0177	0x019F      	CLRF       ADCON0
;__Lib_ADC_A_C.c,48 :: 		
0x0178	0x30C0      	MOVLW      192
0x0179	0x049F      	IORWF      ADCON0, 1
;__Lib_ADC_A_C.c,49 :: 		
0x017A	0x1683      	BSF        STATUS, 5
0x017B	0x171F      	BSF        ADCON1, 6
;__Lib_ADC_A_C.c,50 :: 		
0x017C	0x179F      	BSF        ADCON1, 7
;__Lib_ADC_A_C.c,51 :: 		
0x017D	0x1283      	BCF        STATUS, 5
0x017E	0x1703      	BSF        STATUS, 6
0x017F	0x0810      	MOVF       FARG_ADC_Read_channel, 0
0x0180	0x00F0      	MOVWF      R0
0x0181	0x0DF0      	RLF        R0, 1
0x0182	0x1070      	BCF        R0, 0
0x0183	0x0DF0      	RLF        R0, 1
0x0184	0x1070      	BCF        R0, 0
0x0185	0x0DF0      	RLF        R0, 1
0x0186	0x1070      	BCF        R0, 0
0x0187	0x0870      	MOVF       R0, 0
0x0188	0x1303      	BCF        STATUS, 6
0x0189	0x049F      	IORWF      ADCON0, 1
;__Lib_ADC_A_C.c,54 :: 		
0x018A	0x141F      	BSF        ADCON0, 0
;__Lib_ADC_A_C.c,57 :: 		
0x018B	0x20B6      	CALL       _Delay_22us
;__Lib_ADC_A_C.c,60 :: 		
0x018C	0x151F      	BSF        ADCON0, 2
;__Lib_ADC_A_C.c,63 :: 		
L_ADC_Read2:
0x018D	0x1D1F      	BTFSS      ADCON0, 2
0x018E	0x2991      	GOTO       L_ADC_Read3
;__Lib_ADC_A_C.c,64 :: 		
0x018F	0x0000      	NOP
0x0190	0x298D      	GOTO       L_ADC_Read2
L_ADC_Read3:
;__Lib_ADC_A_C.c,67 :: 		
0x0191	0x101F      	BCF        ADCON0, 0
;__Lib_ADC_A_C.c,70 :: 		
0x0192	0x081E      	MOVF       ADRESH, 0
0x0193	0x00F1      	MOVWF      R0+1
0x0194	0x01F0      	CLRF       R0
0x0195	0x1683      	BSF        STATUS, 5
0x0196	0x081E      	MOVF       ADRESL, 0
0x0197	0x04F0      	IORWF      R0, 1
0x0198	0x3000      	MOVLW      0
0x0199	0x04F1      	IORWF      R0+1, 1
;__Lib_ADC_A_C.c,71 :: 		
L_end_ADC_Read:
0x019A	0x0008      	RETURN
; end of _ADC_Read
_UART1_Read:
;__Lib_UART_c67.c,21 :: 		
;__Lib_UART_c67.c,24 :: 		
0x019B	0x1283      	BCF        STATUS, 5
0x019C	0x1303      	BCF        STATUS, 6
0x019D	0x081A      	MOVF       RCREG, 0
0x019E	0x00F1      	MOVWF      R1
;__Lib_UART_c67.c,25 :: 		
0x019F	0x1C98      	BTFSS      RCSTA, 1
0x01A0	0x29A3      	GOTO       L_UART1_Read2
;__Lib_UART_c67.c,26 :: 		
0x01A1	0x1218      	BCF        RCSTA, 4
;__Lib_UART_c67.c,27 :: 		
0x01A2	0x1618      	BSF        RCSTA, 4
;__Lib_UART_c67.c,28 :: 		
L_UART1_Read2:
;__Lib_UART_c67.c,29 :: 		
0x01A3	0x0871      	MOVF       R1, 0
0x01A4	0x00F0      	MOVWF      R0
;__Lib_UART_c67.c,30 :: 		
L_end_UART1_Read:
0x01A5	0x0008      	RETURN
; end of _UART1_Read
_detalhes_visuais:
;Controle_Fresadora_CNC_com_serial.c,213 :: 		void detalhes_visuais()
;Controle_Fresadora_CNC_com_serial.c,215 :: 		for(x=0;x<17;x++)
0x01A6	0x1683      	BSF        STATUS, 5
0x01A7	0x1303      	BCF        STATUS, 6
0x01A8	0x01EC      	CLRF       _x
0x01A9	0x01ED      	CLRF       _x+1
L_detalhes_visuais53:
0x01AA	0x3080      	MOVLW      128
0x01AB	0x066D      	XORWF      _x+1, 0
0x01AC	0x00F0      	MOVWF      R0
0x01AD	0x3080      	MOVLW      128
0x01AE	0x0270      	SUBWF      R0, 0
0x01AF	0x1D03      	BTFSS      STATUS, 2
0x01B0	0x29B3      	GOTO       L__detalhes_visuais76
0x01B1	0x3011      	MOVLW      17
0x01B2	0x026C      	SUBWF      _x, 0
L__detalhes_visuais76:
0x01B3	0x1803      	BTFSC      STATUS, 0
0x01B4	0x29D8      	GOTO       L_detalhes_visuais54
;Controle_Fresadora_CNC_com_serial.c,217 :: 		lcd_out(2,x,"");
0x01B5	0x3002      	MOVLW      2
0x01B6	0x1283      	BCF        STATUS, 5
0x01B7	0x1703      	BSF        STATUS, 6
0x01B8	0x0091      	MOVWF      FARG_Lcd_Out_row
0x01B9	0x1683      	BSF        STATUS, 5
0x01BA	0x1303      	BCF        STATUS, 6
0x01BB	0x086C      	MOVF       _x, 0
0x01BC	0x1283      	BCF        STATUS, 5
0x01BD	0x1703      	BSF        STATUS, 6
0x01BE	0x0092      	MOVWF      FARG_Lcd_Out_column
0x01BF	0x305E      	MOVLW      ?lstr13_Controle_Fresadora_CNC_com_serial
0x01C0	0x0093      	MOVWF      FARG_Lcd_Out_text
0x01C1	0x2073      	CALL       _Lcd_Out
;Controle_Fresadora_CNC_com_serial.c,218 :: 		Lcd_Chr_CP(3);
0x01C2	0x3003      	MOVLW      3
0x01C3	0x1703      	BSF        STATUS, 6
0x01C4	0x0095      	MOVWF      FARG_Lcd_Chr_CP_out_char
0x01C5	0x206A      	CALL       _Lcd_Chr_CP
;Controle_Fresadora_CNC_com_serial.c,219 :: 		delay_ms(50);
0x01C6	0x3002      	MOVLW      2
0x01C7	0x00FB      	MOVWF      R11
0x01C8	0x3004      	MOVLW      4
0x01C9	0x00FC      	MOVWF      R12
0x01CA	0x30BA      	MOVLW      186
0x01CB	0x00FD      	MOVWF      R13
L_detalhes_visuais56:
0x01CC	0x0BFD      	DECFSZ     R13, 1
0x01CD	0x29CC      	GOTO       L_detalhes_visuais56
0x01CE	0x0BFC      	DECFSZ     R12, 1
0x01CF	0x29CC      	GOTO       L_detalhes_visuais56
0x01D0	0x0BFB      	DECFSZ     R11, 1
0x01D1	0x29CC      	GOTO       L_detalhes_visuais56
0x01D2	0x0000      	NOP
;Controle_Fresadora_CNC_com_serial.c,215 :: 		for(x=0;x<17;x++)
0x01D3	0x1683      	BSF        STATUS, 5
0x01D4	0x0AEC      	INCF       _x, 1
0x01D5	0x1903      	BTFSC      STATUS, 2
0x01D6	0x0AED      	INCF       _x+1, 1
;Controle_Fresadora_CNC_com_serial.c,220 :: 		}
0x01D7	0x29AA      	GOTO       L_detalhes_visuais53
L_detalhes_visuais54:
;Controle_Fresadora_CNC_com_serial.c,223 :: 		for(x=0;x<17;x++)
0x01D8	0x01EC      	CLRF       _x
0x01D9	0x01ED      	CLRF       _x+1
L_detalhes_visuais57:
0x01DA	0x3080      	MOVLW      128
0x01DB	0x066D      	XORWF      _x+1, 0
0x01DC	0x00F0      	MOVWF      R0
0x01DD	0x3080      	MOVLW      128
0x01DE	0x0270      	SUBWF      R0, 0
0x01DF	0x1D03      	BTFSS      STATUS, 2
0x01E0	0x29E3      	GOTO       L__detalhes_visuais77
0x01E1	0x3011      	MOVLW      17
0x01E2	0x026C      	SUBWF      _x, 0
L__detalhes_visuais77:
0x01E3	0x1803      	BTFSC      STATUS, 0
0x01E4	0x2A04      	GOTO       L_detalhes_visuais58
;Controle_Fresadora_CNC_com_serial.c,225 :: 		lcd_out(2,x," ");
0x01E5	0x3002      	MOVLW      2
0x01E6	0x1283      	BCF        STATUS, 5
0x01E7	0x1703      	BSF        STATUS, 6
0x01E8	0x0091      	MOVWF      FARG_Lcd_Out_row
0x01E9	0x1683      	BSF        STATUS, 5
0x01EA	0x1303      	BCF        STATUS, 6
0x01EB	0x086C      	MOVF       _x, 0
0x01EC	0x1283      	BCF        STATUS, 5
0x01ED	0x1703      	BSF        STATUS, 6
0x01EE	0x0092      	MOVWF      FARG_Lcd_Out_column
0x01EF	0x305C      	MOVLW      ?lstr14_Controle_Fresadora_CNC_com_serial
0x01F0	0x0093      	MOVWF      FARG_Lcd_Out_text
0x01F1	0x2073      	CALL       _Lcd_Out
;Controle_Fresadora_CNC_com_serial.c,226 :: 		delay_ms(50);
0x01F2	0x3002      	MOVLW      2
0x01F3	0x00FB      	MOVWF      R11
0x01F4	0x3004      	MOVLW      4
0x01F5	0x00FC      	MOVWF      R12
0x01F6	0x30BA      	MOVLW      186
0x01F7	0x00FD      	MOVWF      R13
L_detalhes_visuais60:
0x01F8	0x0BFD      	DECFSZ     R13, 1
0x01F9	0x29F8      	GOTO       L_detalhes_visuais60
0x01FA	0x0BFC      	DECFSZ     R12, 1
0x01FB	0x29F8      	GOTO       L_detalhes_visuais60
0x01FC	0x0BFB      	DECFSZ     R11, 1
0x01FD	0x29F8      	GOTO       L_detalhes_visuais60
0x01FE	0x0000      	NOP
;Controle_Fresadora_CNC_com_serial.c,223 :: 		for(x=0;x<17;x++)
0x01FF	0x1683      	BSF        STATUS, 5
0x0200	0x0AEC      	INCF       _x, 1
0x0201	0x1903      	BTFSC      STATUS, 2
0x0202	0x0AED      	INCF       _x+1, 1
;Controle_Fresadora_CNC_com_serial.c,228 :: 		}
0x0203	0x29DA      	GOTO       L_detalhes_visuais57
L_detalhes_visuais58:
;Controle_Fresadora_CNC_com_serial.c,229 :: 		}
L_end_detalhes_visuais:
0x0204	0x0008      	RETURN
; end of _detalhes_visuais
_UART1_Init:
;__Lib_UART_c67.c,2 :: 		
;__Lib_UART_c67.c,5 :: 		
0x0205	0x1683      	BSF        STATUS, 5
0x0206	0x1303      	BCF        STATUS, 6
0x0207	0x1698      	BSF        TXSTA, 5
;__Lib_UART_c67.c,6 :: 		
0x0208	0x3090      	MOVLW      144
0x0209	0x1283      	BCF        STATUS, 5
0x020A	0x0098      	MOVWF      RCSTA
;__Lib_UART_c67.c,7 :: 		
0x020B	0x1683      	BSF        STATUS, 5
0x020C	0x1787      	BSF        TRISC7_bit, 7
;__Lib_UART_c67.c,8 :: 		
0x020D	0x1307      	BCF        TRISC6_bit, 6
;__Lib_UART_c67.c,10 :: 		
L_UART1_Init0:
0x020E	0x1283      	BCF        STATUS, 5
0x020F	0x1E8C      	BTFSS      PIR1, 5
0x0210	0x2A14      	GOTO       L_UART1_Init1
;__Lib_UART_c67.c,11 :: 		
0x0211	0x081A      	MOVF       RCREG, 0
0x0212	0x00F0      	MOVWF      R0
0x0213	0x2A0E      	GOTO       L_UART1_Init0
L_UART1_Init1:
;__Lib_UART_c67.c,12 :: 		
L_end_UART1_Init:
0x0214	0x0008      	RETURN
; end of _UART1_Init
_ferramenta_AD:
;Controle_Fresadora_CNC_com_serial.c,176 :: 		void ferramenta_AD()
;Controle_Fresadora_CNC_com_serial.c,178 :: 		lcd_out(1,3," Velocidade:  ");
0x0215	0x3001      	MOVLW      1
0x0216	0x1283      	BCF        STATUS, 5
0x0217	0x1703      	BSF        STATUS, 6
0x0218	0x0091      	MOVWF      FARG_Lcd_Out_row
0x0219	0x3003      	MOVLW      3
0x021A	0x0092      	MOVWF      FARG_Lcd_Out_column
0x021B	0x304D      	MOVLW      ?lstr9_Controle_Fresadora_CNC_com_serial
0x021C	0x0093      	MOVWF      FARG_Lcd_Out_text
0x021D	0x2073      	CALL       _Lcd_Out
;Controle_Fresadora_CNC_com_serial.c,180 :: 		if(rpm<=1023&&rpm>=705)
0x021E	0x3080      	MOVLW      128
0x021F	0x3A03      	XORLW      3
0x0220	0x00F0      	MOVWF      R0
0x0221	0x3080      	MOVLW      128
0x0222	0x066D      	XORWF      _rpm+1, 0
0x0223	0x0270      	SUBWF      R0, 0
0x0224	0x1D03      	BTFSS      STATUS, 2
0x0225	0x2A28      	GOTO       L__ferramenta_AD68
0x0226	0x086C      	MOVF       _rpm, 0
0x0227	0x3CFF      	SUBLW      255
L__ferramenta_AD68:
0x0228	0x1C03      	BTFSS      STATUS, 0
0x0229	0x2A3E      	GOTO       L_ferramenta_AD31
0x022A	0x3080      	MOVLW      128
0x022B	0x066D      	XORWF      _rpm+1, 0
0x022C	0x00F0      	MOVWF      R0
0x022D	0x3080      	MOVLW      128
0x022E	0x3A02      	XORLW      2
0x022F	0x0270      	SUBWF      R0, 0
0x0230	0x1D03      	BTFSS      STATUS, 2
0x0231	0x2A34      	GOTO       L__ferramenta_AD69
0x0232	0x30C1      	MOVLW      193
0x0233	0x026C      	SUBWF      _rpm, 0
L__ferramenta_AD69:
0x0234	0x1C03      	BTFSS      STATUS, 0
0x0235	0x2A3E      	GOTO       L_ferramenta_AD31
L__ferramenta_AD65:
;Controle_Fresadora_CNC_com_serial.c,181 :: 		lcd_out(2,6,"Maxima");
0x0236	0x3002      	MOVLW      2
0x0237	0x1703      	BSF        STATUS, 6
0x0238	0x0091      	MOVWF      FARG_Lcd_Out_row
0x0239	0x3006      	MOVLW      6
0x023A	0x0092      	MOVWF      FARG_Lcd_Out_column
0x023B	0x30D4      	MOVLW      ?lstr10_Controle_Fresadora_CNC_com_serial
0x023C	0x0093      	MOVWF      FARG_Lcd_Out_text
0x023D	0x2073      	CALL       _Lcd_Out
L_ferramenta_AD31:
;Controle_Fresadora_CNC_com_serial.c,183 :: 		if(rpm<=704&&rpm>=429)
0x023E	0x3080      	MOVLW      128
0x023F	0x3A02      	XORLW      2
0x0240	0x00F0      	MOVWF      R0
0x0241	0x3080      	MOVLW      128
0x0242	0x066D      	XORWF      _rpm+1, 0
0x0243	0x0270      	SUBWF      R0, 0
0x0244	0x1D03      	BTFSS      STATUS, 2
0x0245	0x2A48      	GOTO       L__ferramenta_AD70
0x0246	0x086C      	MOVF       _rpm, 0
0x0247	0x3CC0      	SUBLW      192
L__ferramenta_AD70:
0x0248	0x1C03      	BTFSS      STATUS, 0
0x0249	0x2A5E      	GOTO       L_ferramenta_AD34
0x024A	0x3080      	MOVLW      128
0x024B	0x066D      	XORWF      _rpm+1, 0
0x024C	0x00F0      	MOVWF      R0
0x024D	0x3080      	MOVLW      128
0x024E	0x3A01      	XORLW      1
0x024F	0x0270      	SUBWF      R0, 0
0x0250	0x1D03      	BTFSS      STATUS, 2
0x0251	0x2A54      	GOTO       L__ferramenta_AD71
0x0252	0x30AD      	MOVLW      173
0x0253	0x026C      	SUBWF      _rpm, 0
L__ferramenta_AD71:
0x0254	0x1C03      	BTFSS      STATUS, 0
0x0255	0x2A5E      	GOTO       L_ferramenta_AD34
L__ferramenta_AD64:
;Controle_Fresadora_CNC_com_serial.c,184 :: 		lcd_out(2,5," Media ");
0x0256	0x3002      	MOVLW      2
0x0257	0x1703      	BSF        STATUS, 6
0x0258	0x0091      	MOVWF      FARG_Lcd_Out_row
0x0259	0x3005      	MOVLW      5
0x025A	0x0092      	MOVWF      FARG_Lcd_Out_column
0x025B	0x30CC      	MOVLW      ?lstr11_Controle_Fresadora_CNC_com_serial
0x025C	0x0093      	MOVWF      FARG_Lcd_Out_text
0x025D	0x2073      	CALL       _Lcd_Out
L_ferramenta_AD34:
;Controle_Fresadora_CNC_com_serial.c,186 :: 		if(rpm<=428&&rpm>=0)
0x025E	0x3080      	MOVLW      128
0x025F	0x3A01      	XORLW      1
0x0260	0x00F0      	MOVWF      R0
0x0261	0x3080      	MOVLW      128
0x0262	0x066D      	XORWF      _rpm+1, 0
0x0263	0x0270      	SUBWF      R0, 0
0x0264	0x1D03      	BTFSS      STATUS, 2
0x0265	0x2A68      	GOTO       L__ferramenta_AD72
0x0266	0x086C      	MOVF       _rpm, 0
0x0267	0x3CAC      	SUBLW      172
L__ferramenta_AD72:
0x0268	0x1C03      	BTFSS      STATUS, 0
0x0269	0x2A7D      	GOTO       L_ferramenta_AD37
0x026A	0x3080      	MOVLW      128
0x026B	0x066D      	XORWF      _rpm+1, 0
0x026C	0x00F0      	MOVWF      R0
0x026D	0x3080      	MOVLW      128
0x026E	0x0270      	SUBWF      R0, 0
0x026F	0x1D03      	BTFSS      STATUS, 2
0x0270	0x2A73      	GOTO       L__ferramenta_AD73
0x0271	0x3000      	MOVLW      0
0x0272	0x026C      	SUBWF      _rpm, 0
L__ferramenta_AD73:
0x0273	0x1C03      	BTFSS      STATUS, 0
0x0274	0x2A7D      	GOTO       L_ferramenta_AD37
L__ferramenta_AD63:
;Controle_Fresadora_CNC_com_serial.c,187 :: 		lcd_out(2,6,"Minima");
0x0275	0x3002      	MOVLW      2
0x0276	0x1703      	BSF        STATUS, 6
0x0277	0x0091      	MOVWF      FARG_Lcd_Out_row
0x0278	0x3006      	MOVLW      6
0x0279	0x0092      	MOVWF      FARG_Lcd_Out_column
0x027A	0x30E5      	MOVLW      ?lstr12_Controle_Fresadora_CNC_com_serial
0x027B	0x0093      	MOVWF      FARG_Lcd_Out_text
0x027C	0x2073      	CALL       _Lcd_Out
L_ferramenta_AD37:
;Controle_Fresadora_CNC_com_serial.c,200 :: 		}
L_end_ferramenta_AD:
0x027D	0x0008      	RETURN
; end of _ferramenta_AD
_Lcd_Init:
;__Lib_Lcd.c,84 :: 		
;__Lib_Lcd.c,86 :: 		
0x027E	0x1683      	BSF        STATUS, 5
0x027F	0x1303      	BCF        STATUS, 6
0x0280	0x1186      	BCF        LCD_EN_Direction, BitPos(LCD_EN_Direction+0)
;__Lib_Lcd.c,87 :: 		
0x0281	0x1106      	BCF        LCD_RS_Direction, BitPos(LCD_RS_Direction+0)
;__Lib_Lcd.c,88 :: 		
0x0282	0x1206      	BCF        LCD_D4_Direction, BitPos(LCD_D4_Direction+0)
;__Lib_Lcd.c,89 :: 		
0x0283	0x1286      	BCF        LCD_D5_Direction, BitPos(LCD_D5_Direction+0)
;__Lib_Lcd.c,90 :: 		
0x0284	0x1306      	BCF        LCD_D6_Direction, BitPos(LCD_D6_Direction+0)
;__Lib_Lcd.c,91 :: 		
0x0285	0x1386      	BCF        LCD_D7_Direction, BitPos(LCD_D7_Direction+0)
;__Lib_Lcd.c,93 :: 		
0x0286	0x1283      	BCF        STATUS, 5
0x0287	0x1186      	BCF        LCD_EN, BitPos(LCD_EN+0)
;__Lib_Lcd.c,94 :: 		
0x0288	0x1106      	BCF        LCD_RS, BitPos(LCD_RS+0)
;__Lib_Lcd.c,95 :: 		
0x0289	0x1386      	BCF        LCD_D7, BitPos(LCD_D7+0)
;__Lib_Lcd.c,96 :: 		
0x028A	0x1306      	BCF        LCD_D6, BitPos(LCD_D6+0)
;__Lib_Lcd.c,97 :: 		
0x028B	0x1286      	BCF        LCD_D5, BitPos(LCD_D5+0)
;__Lib_Lcd.c,98 :: 		
0x028C	0x1206      	BCF        LCD_D4, BitPos(LCD_D4+0)
;__Lib_Lcd.c,100 :: 		
0x028D	0x2008      	CALL       _Delay_5500us
;__Lib_Lcd.c,101 :: 		
0x028E	0x2008      	CALL       _Delay_5500us
;__Lib_Lcd.c,102 :: 		
0x028F	0x2008      	CALL       _Delay_5500us
;__Lib_Lcd.c,105 :: 		
0x0290	0x1686      	BSF        LCD_D5, BitPos(LCD_D5+0)
;__Lib_Lcd.c,106 :: 		
0x0291	0x1606      	BSF        LCD_D4, BitPos(LCD_D4+0)
;__Lib_Lcd.c,107 :: 		
0x0292	0x1586      	BSF        LCD_EN, BitPos(LCD_EN+0)
;__Lib_Lcd.c,108 :: 		
0x0293	0x2003      	CALL       _Delay_1us
;__Lib_Lcd.c,109 :: 		
0x0294	0x1186      	BCF        LCD_EN, BitPos(LCD_EN+0)
;__Lib_Lcd.c,110 :: 		
0x0295	0x2008      	CALL       _Delay_5500us
;__Lib_Lcd.c,112 :: 		
0x0296	0x1586      	BSF        LCD_EN, BitPos(LCD_EN+0)
;__Lib_Lcd.c,113 :: 		
0x0297	0x2003      	CALL       _Delay_1us
;__Lib_Lcd.c,114 :: 		
0x0298	0x1186      	BCF        LCD_EN, BitPos(LCD_EN+0)
;__Lib_Lcd.c,115 :: 		
0x0299	0x2008      	CALL       _Delay_5500us
;__Lib_Lcd.c,117 :: 		
0x029A	0x1586      	BSF        LCD_EN, BitPos(LCD_EN+0)
;__Lib_Lcd.c,118 :: 		
0x029B	0x2003      	CALL       _Delay_1us
;__Lib_Lcd.c,119 :: 		
0x029C	0x1186      	BCF        LCD_EN, BitPos(LCD_EN+0)
;__Lib_Lcd.c,120 :: 		
0x029D	0x2008      	CALL       _Delay_5500us
;__Lib_Lcd.c,123 :: 		
0x029E	0x1206      	BCF        LCD_D4, BitPos(LCD_D4+0)
;__Lib_Lcd.c,124 :: 		
0x029F	0x1586      	BSF        LCD_EN, BitPos(LCD_EN+0)
;__Lib_Lcd.c,125 :: 		
0x02A0	0x2003      	CALL       _Delay_1us
;__Lib_Lcd.c,126 :: 		
0x02A1	0x1186      	BCF        LCD_EN, BitPos(LCD_EN+0)
;__Lib_Lcd.c,127 :: 		
0x02A2	0x2008      	CALL       _Delay_5500us
;__Lib_Lcd.c,130 :: 		
0x02A3	0x1586      	BSF        LCD_EN, BitPos(LCD_EN+0)
;__Lib_Lcd.c,131 :: 		
0x02A4	0x2003      	CALL       _Delay_1us
;__Lib_Lcd.c,132 :: 		
0x02A5	0x1186      	BCF        LCD_EN, BitPos(LCD_EN+0)
;__Lib_Lcd.c,134 :: 		
0x02A6	0x1286      	BCF        LCD_D5, BitPos(LCD_D5+0)
;__Lib_Lcd.c,135 :: 		
0x02A7	0x1786      	BSF        LCD_D7, BitPos(LCD_D7+0)
;__Lib_Lcd.c,136 :: 		
0x02A8	0x1586      	BSF        LCD_EN, BitPos(LCD_EN+0)
;__Lib_Lcd.c,137 :: 		
0x02A9	0x2003      	CALL       _Delay_1us
;__Lib_Lcd.c,138 :: 		
0x02AA	0x1186      	BCF        LCD_EN, BitPos(LCD_EN+0)
;__Lib_Lcd.c,139 :: 		
0x02AB	0x2008      	CALL       _Delay_5500us
;__Lib_Lcd.c,142 :: 		
0x02AC	0x1386      	BCF        LCD_D7, BitPos(LCD_D7+0)
;__Lib_Lcd.c,143 :: 		
0x02AD	0x1606      	BSF        LCD_D4, BitPos(LCD_D4+0)
;__Lib_Lcd.c,144 :: 		
0x02AE	0x1586      	BSF        LCD_EN, BitPos(LCD_EN+0)
;__Lib_Lcd.c,145 :: 		
0x02AF	0x2003      	CALL       _Delay_1us
;__Lib_Lcd.c,146 :: 		
0x02B0	0x1186      	BCF        LCD_EN, BitPos(LCD_EN+0)
;__Lib_Lcd.c,148 :: 		
0x02B1	0x1206      	BCF        LCD_D4, BitPos(LCD_D4+0)
;__Lib_Lcd.c,149 :: 		
0x02B2	0x1586      	BSF        LCD_EN, BitPos(LCD_EN+0)
;__Lib_Lcd.c,150 :: 		
0x02B3	0x2003      	CALL       _Delay_1us
;__Lib_Lcd.c,151 :: 		
0x02B4	0x1186      	BCF        LCD_EN, BitPos(LCD_EN+0)
;__Lib_Lcd.c,152 :: 		
0x02B5	0x2008      	CALL       _Delay_5500us
;__Lib_Lcd.c,155 :: 		
0x02B6	0x1586      	BSF        LCD_EN, BitPos(LCD_EN+0)
;__Lib_Lcd.c,156 :: 		
0x02B7	0x2003      	CALL       _Delay_1us
;__Lib_Lcd.c,157 :: 		
0x02B8	0x1186      	BCF        LCD_EN, BitPos(LCD_EN+0)
;__Lib_Lcd.c,159 :: 		
0x02B9	0x1606      	BSF        LCD_D4, BitPos(LCD_D4+0)
;__Lib_Lcd.c,160 :: 		
0x02BA	0x1586      	BSF        LCD_EN, BitPos(LCD_EN+0)
;__Lib_Lcd.c,161 :: 		
0x02BB	0x2003      	CALL       _Delay_1us
;__Lib_Lcd.c,162 :: 		
0x02BC	0x1186      	BCF        LCD_EN, BitPos(LCD_EN+0)
;__Lib_Lcd.c,163 :: 		
0x02BD	0x2008      	CALL       _Delay_5500us
;__Lib_Lcd.c,166 :: 		
0x02BE	0x1206      	BCF        LCD_D4, BitPos(LCD_D4+0)
;__Lib_Lcd.c,167 :: 		
0x02BF	0x1586      	BSF        LCD_EN, BitPos(LCD_EN+0)
;__Lib_Lcd.c,168 :: 		
0x02C0	0x2003      	CALL       _Delay_1us
;__Lib_Lcd.c,169 :: 		
0x02C1	0x1186      	BCF        LCD_EN, BitPos(LCD_EN+0)
;__Lib_Lcd.c,171 :: 		
0x02C2	0x1786      	BSF        LCD_D7, BitPos(LCD_D7+0)
;__Lib_Lcd.c,172 :: 		
0x02C3	0x1706      	BSF        LCD_D6, BitPos(LCD_D6+0)
;__Lib_Lcd.c,173 :: 		
0x02C4	0x1686      	BSF        LCD_D5, BitPos(LCD_D5+0)
;__Lib_Lcd.c,174 :: 		
0x02C5	0x1606      	BSF        LCD_D4, BitPos(LCD_D4+0)
;__Lib_Lcd.c,175 :: 		
0x02C6	0x1586      	BSF        LCD_EN, BitPos(LCD_EN+0)
;__Lib_Lcd.c,176 :: 		
0x02C7	0x2003      	CALL       _Delay_1us
;__Lib_Lcd.c,177 :: 		
0x02C8	0x1186      	BCF        LCD_EN, BitPos(LCD_EN+0)
;__Lib_Lcd.c,179 :: 		
0x02C9	0x2008      	CALL       _Delay_5500us
;__Lib_Lcd.c,181 :: 		
0x02CA	0x146F      	BSF        __Lib_Lcd_cmd_status, BitPos(__Lib_Lcd_cmd_status+0)
;__Lib_Lcd.c,182 :: 		
L_end_Lcd_Init:
0x02CB	0x0008      	RETURN
; end of _Lcd_Init
_suporte:
;Controle_Fresadora_CNC_com_serial.c,231 :: 		void suporte()
;Controle_Fresadora_CNC_com_serial.c,233 :: 		if(comando=='!')
0x02CC	0x1283      	BCF        STATUS, 5
0x02CD	0x1303      	BCF        STATUS, 6
0x02CE	0x085F      	MOVF       _comando, 0
0x02CF	0x3A21      	XORLW      33
0x02D0	0x1D03      	BTFSS      STATUS, 2
0x02D1	0x2AE8      	GOTO       L_suporte61
;Controle_Fresadora_CNC_com_serial.c,235 :: 		UART1_Write_Text("Copyright Reserved by");
0x02D2	0x3037      	MOVLW      ?lstr15_Controle_Fresadora_CNC_com_serial
0x02D3	0x1703      	BSF        STATUS, 6
0x02D4	0x0091      	MOVWF      FARG_UART1_Write_Text_uart_text
0x02D5	0x20BD      	CALL       _UART1_Write_Text
;Controle_Fresadora_CNC_com_serial.c,236 :: 		UART1_Write(13);
0x02D6	0x300D      	MOVLW      13
0x02D7	0x0095      	MOVWF      FARG_UART1_Write_data_
0x02D8	0x205E      	CALL       _UART1_Write
;Controle_Fresadora_CNC_com_serial.c,237 :: 		UART1_Write(10);
0x02D9	0x300A      	MOVLW      10
0x02DA	0x1703      	BSF        STATUS, 6
0x02DB	0x0095      	MOVWF      FARG_UART1_Write_data_
0x02DC	0x205E      	CALL       _UART1_Write
;Controle_Fresadora_CNC_com_serial.c,238 :: 		UART1_Write_Text("Flavio H. M. Bergamini");
0x02DD	0x3020      	MOVLW      ?lstr16_Controle_Fresadora_CNC_com_serial
0x02DE	0x1703      	BSF        STATUS, 6
0x02DF	0x0091      	MOVWF      FARG_UART1_Write_Text_uart_text
0x02E0	0x20BD      	CALL       _UART1_Write_Text
;Controle_Fresadora_CNC_com_serial.c,239 :: 		UART1_Write(13);
0x02E1	0x300D      	MOVLW      13
0x02E2	0x0095      	MOVWF      FARG_UART1_Write_data_
0x02E3	0x205E      	CALL       _UART1_Write
;Controle_Fresadora_CNC_com_serial.c,240 :: 		UART1_Write(10);
0x02E4	0x300A      	MOVLW      10
0x02E5	0x1703      	BSF        STATUS, 6
0x02E6	0x0095      	MOVWF      FARG_UART1_Write_data_
0x02E7	0x205E      	CALL       _UART1_Write
;Controle_Fresadora_CNC_com_serial.c,241 :: 		}
L_suporte61:
;Controle_Fresadora_CNC_com_serial.c,242 :: 		}
L_end_suporte:
0x02E8	0x0008      	RETURN
; end of _suporte
___CC2DW:
;__Lib_System.c,134 :: 		
;__Lib_System.c,137 :: 		
_CC2D_Loop1:
;__Lib_System.c,139 :: 		
0x02E9	0x20D4      	CALL       _____DoICP
0x02EA	0x118A      	BCF        PCLATH, 3
0x02EB	0x120A      	BCF        PCLATH, 4
;__Lib_System.c,141 :: 		
0x02EC	0x0080      	MOVWF      INDF
;__Lib_System.c,142 :: 		
0x02ED	0x0A84      	INCF       FSR, 1
;__Lib_System.c,143 :: 		
0x02EE	0x0AEE      	INCF       ___DoICPAddr, 1
;__Lib_System.c,145 :: 		
0x02EF	0x1903      	BTFSC      STATUS, 2
;__Lib_System.c,146 :: 		
0x02F0	0x0AEF      	INCF       ___DoICPAddr+1, 1
;__Lib_System.c,147 :: 		
0x02F1	0x03F0      	DECF       R0, 1
;__Lib_System.c,149 :: 		
0x02F2	0x1D03      	BTFSS      STATUS, 2
;__Lib_System.c,150 :: 		
0x02F3	0x2AE9      	GOTO       _CC2D_Loop1
;__Lib_System.c,152 :: 		
L_end___CC2DW:
0x02F4	0x0008      	RETURN
; end of ___CC2DW
_main:
0x02F5	0x24FE      	CALL       1278
;Controle_Fresadora_CNC_com_serial.c,32 :: 		void main()
;Controle_Fresadora_CNC_com_serial.c,34 :: 		UART1_Init(9600);
0x02F6	0x3067      	MOVLW      103
0x02F7	0x1683      	BSF        STATUS, 5
0x02F8	0x1303      	BCF        STATUS, 6
0x02F9	0x0099      	MOVWF      SPBRG
0x02FA	0x1518      	BSF        TXSTA, 2
0x02FB	0x2205      	CALL       _UART1_Init
;Controle_Fresadora_CNC_com_serial.c,35 :: 		Delay_ms(100);
0x02FC	0x3003      	MOVLW      3
0x02FD	0x00FB      	MOVWF      R11
0x02FE	0x3008      	MOVLW      8
0x02FF	0x00FC      	MOVWF      R12
0x0300	0x3077      	MOVLW      119
0x0301	0x00FD      	MOVWF      R13
L_main0:
0x0302	0x0BFD      	DECFSZ     R13, 1
0x0303	0x2B02      	GOTO       L_main0
0x0304	0x0BFC      	DECFSZ     R12, 1
0x0305	0x2B02      	GOTO       L_main0
0x0306	0x0BFB      	DECFSZ     R11, 1
0x0307	0x2B02      	GOTO       L_main0
;Controle_Fresadora_CNC_com_serial.c,36 :: 		trisc=0b10000000;
0x0308	0x3080      	MOVLW      128
0x0309	0x1683      	BSF        STATUS, 5
0x030A	0x0087      	MOVWF      TRISC
;Controle_Fresadora_CNC_com_serial.c,37 :: 		portc=0;
0x030B	0x1283      	BCF        STATUS, 5
0x030C	0x0187      	CLRF       PORTC
;Controle_Fresadora_CNC_com_serial.c,38 :: 		trisb=0;
0x030D	0x1683      	BSF        STATUS, 5
0x030E	0x0186      	CLRF       TRISB
;Controle_Fresadora_CNC_com_serial.c,39 :: 		portb=0;
0x030F	0x1283      	BCF        STATUS, 5
0x0310	0x0186      	CLRF       PORTB
;Controle_Fresadora_CNC_com_serial.c,40 :: 		adcon1=14;
0x0311	0x300E      	MOVLW      14
0x0312	0x1683      	BSF        STATUS, 5
0x0313	0x009F      	MOVWF      ADCON1
;Controle_Fresadora_CNC_com_serial.c,41 :: 		trisa=15;
0x0314	0x300F      	MOVLW      15
0x0315	0x0085      	MOVWF      TRISA
;Controle_Fresadora_CNC_com_serial.c,42 :: 		porta=0;
0x0316	0x1283      	BCF        STATUS, 5
0x0317	0x0185      	CLRF       PORTA
;Controle_Fresadora_CNC_com_serial.c,45 :: 		Lcd_Init();
0x0318	0x227E      	CALL       _Lcd_Init
;Controle_Fresadora_CNC_com_serial.c,46 :: 		lcd_cmd(_lcd_clear);
0x0319	0x3001      	MOVLW      1
0x031A	0x1703      	BSF        STATUS, 6
0x031B	0x0096      	MOVWF      FARG_Lcd_Cmd_out_char
0x031C	0x201B      	CALL       _Lcd_Cmd
;Controle_Fresadora_CNC_com_serial.c,47 :: 		lcd_cmd(_lcd_cursor_off);
0x031D	0x300C      	MOVLW      12
0x031E	0x1703      	BSF        STATUS, 6
0x031F	0x0096      	MOVWF      FARG_Lcd_Cmd_out_char
0x0320	0x201B      	CALL       _Lcd_Cmd
;Controle_Fresadora_CNC_com_serial.c,48 :: 		caracteres();
0x0321	0x20E2      	CALL       _caracteres
;Controle_Fresadora_CNC_com_serial.c,49 :: 		lcd_out(1,3,"");
0x0322	0x3001      	MOVLW      1
0x0323	0x0091      	MOVWF      FARG_Lcd_Out_row
0x0324	0x3003      	MOVLW      3
0x0325	0x0092      	MOVWF      FARG_Lcd_Out_column
0x0326	0x306E      	MOVLW      ?lstr1_Controle_Fresadora_CNC_com_serial
0x0327	0x0093      	MOVWF      FARG_Lcd_Out_text
0x0328	0x2073      	CALL       _Lcd_Out
;Controle_Fresadora_CNC_com_serial.c,50 :: 		Lcd_Chr_CP(0);
0x0329	0x1703      	BSF        STATUS, 6
0x032A	0x0195      	CLRF       FARG_Lcd_Chr_CP_out_char
0x032B	0x206A      	CALL       _Lcd_Chr_CP
;Controle_Fresadora_CNC_com_serial.c,51 :: 		Lcd_out(1,4,"resadora ");
0x032C	0x3001      	MOVLW      1
0x032D	0x1703      	BSF        STATUS, 6
0x032E	0x0091      	MOVWF      FARG_Lcd_Out_row
0x032F	0x3004      	MOVLW      4
0x0330	0x0092      	MOVWF      FARG_Lcd_Out_column
0x0331	0x30DB      	MOVLW      ?lstr2_Controle_Fresadora_CNC_com_serial
0x0332	0x0093      	MOVWF      FARG_Lcd_Out_text
0x0333	0x2073      	CALL       _Lcd_Out
;Controle_Fresadora_CNC_com_serial.c,52 :: 		Lcd_Chr_CP(1);
0x0334	0x3001      	MOVLW      1
0x0335	0x1703      	BSF        STATUS, 6
0x0336	0x0095      	MOVWF      FARG_Lcd_Chr_CP_out_char
0x0337	0x206A      	CALL       _Lcd_Chr_CP
;Controle_Fresadora_CNC_com_serial.c,53 :: 		Lcd_Chr_CP(2);
0x0338	0x3002      	MOVLW      2
0x0339	0x1703      	BSF        STATUS, 6
0x033A	0x0095      	MOVWF      FARG_Lcd_Chr_CP_out_char
0x033B	0x206A      	CALL       _Lcd_Chr_CP
;Controle_Fresadora_CNC_com_serial.c,54 :: 		Lcd_Chr_CP(1);
0x033C	0x3001      	MOVLW      1
0x033D	0x1703      	BSF        STATUS, 6
0x033E	0x0095      	MOVWF      FARG_Lcd_Chr_CP_out_char
0x033F	0x206A      	CALL       _Lcd_Chr_CP
;Controle_Fresadora_CNC_com_serial.c,55 :: 		detalhes_visuais();
0x0340	0x21A6      	CALL       _detalhes_visuais
;Controle_Fresadora_CNC_com_serial.c,57 :: 		while (1)
L_main1:
;Controle_Fresadora_CNC_com_serial.c,59 :: 		if (UART1_Data_Ready())
0x0341	0x20DB      	CALL       _UART1_Data_Ready
0x0342	0x0870      	MOVF       R0, 0
0x0343	0x1903      	BTFSC      STATUS, 2
0x0344	0x2B4C      	GOTO       L_main3
;Controle_Fresadora_CNC_com_serial.c,61 :: 		comando = UART1_Read();
0x0345	0x219B      	CALL       _UART1_Read
0x0346	0x0870      	MOVF       R0, 0
0x0347	0x00DF      	MOVWF      _comando
;Controle_Fresadora_CNC_com_serial.c,62 :: 		UART1_Write(comando);
0x0348	0x0870      	MOVF       R0, 0
0x0349	0x1703      	BSF        STATUS, 6
0x034A	0x0095      	MOVWF      FARG_UART1_Write_data_
0x034B	0x205E      	CALL       _UART1_Write
;Controle_Fresadora_CNC_com_serial.c,63 :: 		}
L_main3:
;Controle_Fresadora_CNC_com_serial.c,64 :: 		suporte();
0x034C	0x22CC      	CALL       _suporte
;Controle_Fresadora_CNC_com_serial.c,65 :: 		caracteres();
0x034D	0x20E2      	CALL       _caracteres
;Controle_Fresadora_CNC_com_serial.c,66 :: 		rpm=adc_read(0);
0x034E	0x0190      	CLRF       FARG_ADC_Read_channel
0x034F	0x2175      	CALL       _ADC_Read
0x0350	0x0870      	MOVF       R0, 0
0x0351	0x1283      	BCF        STATUS, 5
0x0352	0x00EC      	MOVWF      _rpm
0x0353	0x0871      	MOVF       R0+1, 0
0x0354	0x00ED      	MOVWF      _rpm+1
;Controle_Fresadora_CNC_com_serial.c,69 :: 		if(porta.f1==0&&porta.f2==0)
0x0355	0x1885      	BTFSC      PORTA, 1
0x0356	0x2B5E      	GOTO       L_main6
0x0357	0x1905      	BTFSC      PORTA, 2
0x0358	0x2B5E      	GOTO       L_main6
L__main62:
;Controle_Fresadora_CNC_com_serial.c,71 :: 		comando='x';
0x0359	0x3078      	MOVLW      120
0x035A	0x00DF      	MOVWF      _comando
;Controle_Fresadora_CNC_com_serial.c,72 :: 		portc.f0=1;
0x035B	0x1407      	BSF        PORTC, 0
;Controle_Fresadora_CNC_com_serial.c,73 :: 		ferramenta_AD();
0x035C	0x2215      	CALL       _ferramenta_AD
;Controle_Fresadora_CNC_com_serial.c,74 :: 		}
0x035D	0x2B60      	GOTO       L_main7
L_main6:
;Controle_Fresadora_CNC_com_serial.c,77 :: 		comando=comando;
;Controle_Fresadora_CNC_com_serial.c,78 :: 		portc.f0=0;
0x035E	0x1007      	BCF        PORTC, 0
;Controle_Fresadora_CNC_com_serial.c,79 :: 		portc.f1=0;
0x035F	0x1087      	BCF        PORTC, 1
;Controle_Fresadora_CNC_com_serial.c,80 :: 		}
L_main7:
;Controle_Fresadora_CNC_com_serial.c,82 :: 		if(porta.f1==0)              //Bomba de Resfriamento
0x0360	0x1885      	BTFSC      PORTA, 1
0x0361	0x2B70      	GOTO       L_main8
;Controle_Fresadora_CNC_com_serial.c,84 :: 		comando='x';
0x0362	0x3078      	MOVLW      120
0x0363	0x00DF      	MOVWF      _comando
;Controle_Fresadora_CNC_com_serial.c,85 :: 		portc.f0=1;
0x0364	0x1407      	BSF        PORTC, 0
;Controle_Fresadora_CNC_com_serial.c,86 :: 		delay_ms(10);
0x0365	0x3034      	MOVLW      52
0x0366	0x00FC      	MOVWF      R12
0x0367	0x30F1      	MOVLW      241
0x0368	0x00FD      	MOVWF      R13
L_main9:
0x0369	0x0BFD      	DECFSZ     R13, 1
0x036A	0x2B69      	GOTO       L_main9
0x036B	0x0BFC      	DECFSZ     R12, 1
0x036C	0x2B69      	GOTO       L_main9
0x036D	0x0000      	NOP
0x036E	0x0000      	NOP
;Controle_Fresadora_CNC_com_serial.c,87 :: 		}
0x036F	0x2B71      	GOTO       L_main10
L_main8:
;Controle_Fresadora_CNC_com_serial.c,90 :: 		comando=comando;
;Controle_Fresadora_CNC_com_serial.c,91 :: 		portc.f0=0;
0x0370	0x1007      	BCF        PORTC, 0
;Controle_Fresadora_CNC_com_serial.c,92 :: 		}
L_main10:
;Controle_Fresadora_CNC_com_serial.c,94 :: 		if(porta.f2==0)               //Ferramenta de usinagem
0x0371	0x1905      	BTFSC      PORTA, 2
0x0372	0x2B78      	GOTO       L_main11
;Controle_Fresadora_CNC_com_serial.c,96 :: 		comando='x';
0x0373	0x3078      	MOVLW      120
0x0374	0x00DF      	MOVWF      _comando
;Controle_Fresadora_CNC_com_serial.c,97 :: 		portc.f1=1;
0x0375	0x1487      	BSF        PORTC, 1
;Controle_Fresadora_CNC_com_serial.c,98 :: 		ferramenta_AD();
0x0376	0x2215      	CALL       _ferramenta_AD
;Controle_Fresadora_CNC_com_serial.c,99 :: 		}
0x0377	0x2B79      	GOTO       L_main12
L_main11:
;Controle_Fresadora_CNC_com_serial.c,102 :: 		comando=comando;
;Controle_Fresadora_CNC_com_serial.c,103 :: 		portc.f1=0;
0x0378	0x1087      	BCF        PORTC, 1
;Controle_Fresadora_CNC_com_serial.c,104 :: 		}
L_main12:
;Controle_Fresadora_CNC_com_serial.c,106 :: 		if(porta.f3==0)               //Hold ATMEGA328P
0x0379	0x1985      	BTFSC      PORTA, 3
0x037A	0x2B8B      	GOTO       L_main13
;Controle_Fresadora_CNC_com_serial.c,108 :: 		comando='x';
0x037B	0x3078      	MOVLW      120
0x037C	0x00DF      	MOVWF      _comando
;Controle_Fresadora_CNC_com_serial.c,109 :: 		portc.f3=0;
0x037D	0x1187      	BCF        PORTC, 3
;Controle_Fresadora_CNC_com_serial.c,110 :: 		delay_ms(200);
0x037E	0x3005      	MOVLW      5
0x037F	0x00FB      	MOVWF      R11
0x0380	0x300F      	MOVLW      15
0x0381	0x00FC      	MOVWF      R12
0x0382	0x30F1      	MOVLW      241
0x0383	0x00FD      	MOVWF      R13
L_main14:
0x0384	0x0BFD      	DECFSZ     R13, 1
0x0385	0x2B84      	GOTO       L_main14
0x0386	0x0BFC      	DECFSZ     R12, 1
0x0387	0x2B84      	GOTO       L_main14
0x0388	0x0BFB      	DECFSZ     R11, 1
0x0389	0x2B84      	GOTO       L_main14
;Controle_Fresadora_CNC_com_serial.c,111 :: 		}
0x038A	0x2B8C      	GOTO       L_main15
L_main13:
;Controle_Fresadora_CNC_com_serial.c,114 :: 		comando=comando;
;Controle_Fresadora_CNC_com_serial.c,115 :: 		portc.f3=1;
0x038B	0x1587      	BSF        PORTC, 3
;Controle_Fresadora_CNC_com_serial.c,116 :: 		}
L_main15:
;Controle_Fresadora_CNC_com_serial.c,117 :: 		if(comando=='m')
0x038C	0x085F      	MOVF       _comando, 0
0x038D	0x3A6D      	XORLW      109
0x038E	0x1D03      	BTFSS      STATUS, 2
0x038F	0x2B93      	GOTO       L_main16
;Controle_Fresadora_CNC_com_serial.c,119 :: 		portc.f0=1;
0x0390	0x1407      	BSF        PORTC, 0
;Controle_Fresadora_CNC_com_serial.c,120 :: 		portc.f1=1;
0x0391	0x1487      	BSF        PORTC, 1
;Controle_Fresadora_CNC_com_serial.c,121 :: 		ferramenta_AD();
0x0392	0x2215      	CALL       _ferramenta_AD
;Controle_Fresadora_CNC_com_serial.c,122 :: 		}
L_main16:
;Controle_Fresadora_CNC_com_serial.c,123 :: 		if(comando=='M')
0x0393	0x085F      	MOVF       _comando, 0
0x0394	0x3A4D      	XORLW      77
0x0395	0x1D03      	BTFSS      STATUS, 2
0x0396	0x2BC4      	GOTO       L_main17
;Controle_Fresadora_CNC_com_serial.c,125 :: 		portc.f0=0;
0x0397	0x1007      	BCF        PORTC, 0
;Controle_Fresadora_CNC_com_serial.c,126 :: 		portc.f1=0;
0x0398	0x1087      	BCF        PORTC, 1
;Controle_Fresadora_CNC_com_serial.c,127 :: 		caracteres();
0x0399	0x20E2      	CALL       _caracteres
;Controle_Fresadora_CNC_com_serial.c,128 :: 		lcd_out(1,3,"");
0x039A	0x3001      	MOVLW      1
0x039B	0x0091      	MOVWF      FARG_Lcd_Out_row
0x039C	0x3003      	MOVLW      3
0x039D	0x0092      	MOVWF      FARG_Lcd_Out_column
0x039E	0x306B      	MOVLW      ?lstr3_Controle_Fresadora_CNC_com_serial
0x039F	0x0093      	MOVWF      FARG_Lcd_Out_text
0x03A0	0x2073      	CALL       _Lcd_Out
;Controle_Fresadora_CNC_com_serial.c,129 :: 		Lcd_Chr_CP(0);
0x03A1	0x1703      	BSF        STATUS, 6
0x03A2	0x0195      	CLRF       FARG_Lcd_Chr_CP_out_char
0x03A3	0x206A      	CALL       _Lcd_Chr_CP
;Controle_Fresadora_CNC_com_serial.c,130 :: 		Lcd_out(1,4,"resadora ");
0x03A4	0x3001      	MOVLW      1
0x03A5	0x1703      	BSF        STATUS, 6
0x03A6	0x0091      	MOVWF      FARG_Lcd_Out_row
0x03A7	0x3004      	MOVLW      4
0x03A8	0x0092      	MOVWF      FARG_Lcd_Out_column
0x03A9	0x3061      	MOVLW      ?lstr4_Controle_Fresadora_CNC_com_serial
0x03AA	0x0093      	MOVWF      FARG_Lcd_Out_text
0x03AB	0x2073      	CALL       _Lcd_Out
;Controle_Fresadora_CNC_com_serial.c,131 :: 		Lcd_Chr_CP(1);
0x03AC	0x3001      	MOVLW      1
0x03AD	0x1703      	BSF        STATUS, 6
0x03AE	0x0095      	MOVWF      FARG_Lcd_Chr_CP_out_char
0x03AF	0x206A      	CALL       _Lcd_Chr_CP
;Controle_Fresadora_CNC_com_serial.c,132 :: 		Lcd_Chr_CP(2);
0x03B0	0x3002      	MOVLW      2
0x03B1	0x1703      	BSF        STATUS, 6
0x03B2	0x0095      	MOVWF      FARG_Lcd_Chr_CP_out_char
0x03B3	0x206A      	CALL       _Lcd_Chr_CP
;Controle_Fresadora_CNC_com_serial.c,133 :: 		Lcd_Chr_CP(1);
0x03B4	0x3001      	MOVLW      1
0x03B5	0x1703      	BSF        STATUS, 6
0x03B6	0x0095      	MOVWF      FARG_Lcd_Chr_CP_out_char
0x03B7	0x206A      	CALL       _Lcd_Chr_CP
;Controle_Fresadora_CNC_com_serial.c,134 :: 		lcd_out(2,1,"                ");
0x03B8	0x3002      	MOVLW      2
0x03B9	0x1703      	BSF        STATUS, 6
0x03BA	0x0091      	MOVWF      FARG_Lcd_Out_row
0x03BB	0x3001      	MOVLW      1
0x03BC	0x0092      	MOVWF      FARG_Lcd_Out_column
0x03BD	0x30A0      	MOVLW      ?lstr5_Controle_Fresadora_CNC_com_serial
0x03BE	0x0093      	MOVWF      FARG_Lcd_Out_text
0x03BF	0x2073      	CALL       _Lcd_Out
;Controle_Fresadora_CNC_com_serial.c,135 :: 		detalhes_visuais();
0x03C0	0x21A6      	CALL       _detalhes_visuais
;Controle_Fresadora_CNC_com_serial.c,136 :: 		comando='x';
0x03C1	0x3078      	MOVLW      120
0x03C2	0x1283      	BCF        STATUS, 5
0x03C3	0x00DF      	MOVWF      _comando
;Controle_Fresadora_CNC_com_serial.c,137 :: 		}
L_main17:
;Controle_Fresadora_CNC_com_serial.c,138 :: 		switch(comando)
0x03C4	0x2C1B      	GOTO       L_main18
;Controle_Fresadora_CNC_com_serial.c,140 :: 		case 'b' :           portc.f0=1;
L_main20:
0x03C5	0x1407      	BSF        PORTC, 0
;Controle_Fresadora_CNC_com_serial.c,141 :: 		delay_ms(10);
0x03C6	0x3034      	MOVLW      52
0x03C7	0x00FC      	MOVWF      R12
0x03C8	0x30F1      	MOVLW      241
0x03C9	0x00FD      	MOVWF      R13
L_main21:
0x03CA	0x0BFD      	DECFSZ     R13, 1
0x03CB	0x2BCA      	GOTO       L_main21
0x03CC	0x0BFC      	DECFSZ     R12, 1
0x03CD	0x2BCA      	GOTO       L_main21
0x03CE	0x0000      	NOP
0x03CF	0x0000      	NOP
;Controle_Fresadora_CNC_com_serial.c,142 :: 		break;
0x03D0	0x2C33      	GOTO       L_main19
;Controle_Fresadora_CNC_com_serial.c,144 :: 		case 'f' :           portc.f1=1;
L_main22:
0x03D1	0x1487      	BSF        PORTC, 1
;Controle_Fresadora_CNC_com_serial.c,145 :: 		delay_ms(10);
0x03D2	0x3034      	MOVLW      52
0x03D3	0x00FC      	MOVWF      R12
0x03D4	0x30F1      	MOVLW      241
0x03D5	0x00FD      	MOVWF      R13
L_main23:
0x03D6	0x0BFD      	DECFSZ     R13, 1
0x03D7	0x2BD6      	GOTO       L_main23
0x03D8	0x0BFC      	DECFSZ     R12, 1
0x03D9	0x2BD6      	GOTO       L_main23
0x03DA	0x0000      	NOP
0x03DB	0x0000      	NOP
;Controle_Fresadora_CNC_com_serial.c,146 :: 		ferramenta_AD();
0x03DC	0x2215      	CALL       _ferramenta_AD
;Controle_Fresadora_CNC_com_serial.c,147 :: 		break;
0x03DD	0x2C33      	GOTO       L_main19
;Controle_Fresadora_CNC_com_serial.c,149 :: 		case 'h' :           portc.f3=0;
L_main24:
0x03DE	0x1187      	BCF        PORTC, 3
;Controle_Fresadora_CNC_com_serial.c,150 :: 		delay_ms(10);
0x03DF	0x3034      	MOVLW      52
0x03E0	0x00FC      	MOVWF      R12
0x03E1	0x30F1      	MOVLW      241
0x03E2	0x00FD      	MOVWF      R13
L_main25:
0x03E3	0x0BFD      	DECFSZ     R13, 1
0x03E4	0x2BE3      	GOTO       L_main25
0x03E5	0x0BFC      	DECFSZ     R12, 1
0x03E6	0x2BE3      	GOTO       L_main25
0x03E7	0x0000      	NOP
0x03E8	0x0000      	NOP
;Controle_Fresadora_CNC_com_serial.c,151 :: 		break;
0x03E9	0x2C33      	GOTO       L_main19
;Controle_Fresadora_CNC_com_serial.c,153 :: 		case 'B' :           portc.f0=0;
L_main26:
0x03EA	0x1007      	BCF        PORTC, 0
;Controle_Fresadora_CNC_com_serial.c,154 :: 		break;
0x03EB	0x2C33      	GOTO       L_main19
;Controle_Fresadora_CNC_com_serial.c,156 :: 		case 'F' :           portc.f1=0;
L_main27:
0x03EC	0x1087      	BCF        PORTC, 1
;Controle_Fresadora_CNC_com_serial.c,157 :: 		caracteres();
0x03ED	0x20E2      	CALL       _caracteres
;Controle_Fresadora_CNC_com_serial.c,158 :: 		lcd_out(1,3,"");
0x03EE	0x3001      	MOVLW      1
0x03EF	0x0091      	MOVWF      FARG_Lcd_Out_row
0x03F0	0x3003      	MOVLW      3
0x03F1	0x0092      	MOVWF      FARG_Lcd_Out_column
0x03F2	0x3060      	MOVLW      ?lstr6_Controle_Fresadora_CNC_com_serial
0x03F3	0x0093      	MOVWF      FARG_Lcd_Out_text
0x03F4	0x2073      	CALL       _Lcd_Out
;Controle_Fresadora_CNC_com_serial.c,159 :: 		Lcd_Chr_CP(0);
0x03F5	0x1703      	BSF        STATUS, 6
0x03F6	0x0195      	CLRF       FARG_Lcd_Chr_CP_out_char
0x03F7	0x206A      	CALL       _Lcd_Chr_CP
;Controle_Fresadora_CNC_com_serial.c,160 :: 		Lcd_out(1,4,"resadora ");
0x03F8	0x3001      	MOVLW      1
0x03F9	0x1703      	BSF        STATUS, 6
0x03FA	0x0091      	MOVWF      FARG_Lcd_Out_row
0x03FB	0x3004      	MOVLW      4
0x03FC	0x0092      	MOVWF      FARG_Lcd_Out_column
0x03FD	0x30C2      	MOVLW      ?lstr7_Controle_Fresadora_CNC_com_serial
0x03FE	0x0093      	MOVWF      FARG_Lcd_Out_text
0x03FF	0x2073      	CALL       _Lcd_Out
;Controle_Fresadora_CNC_com_serial.c,161 :: 		Lcd_Chr_CP(1);
0x0400	0x3001      	MOVLW      1
0x0401	0x1703      	BSF        STATUS, 6
0x0402	0x0095      	MOVWF      FARG_Lcd_Chr_CP_out_char
0x0403	0x206A      	CALL       _Lcd_Chr_CP
;Controle_Fresadora_CNC_com_serial.c,162 :: 		Lcd_Chr_CP(2);
0x0404	0x3002      	MOVLW      2
0x0405	0x1703      	BSF        STATUS, 6
0x0406	0x0095      	MOVWF      FARG_Lcd_Chr_CP_out_char
0x0407	0x206A      	CALL       _Lcd_Chr_CP
;Controle_Fresadora_CNC_com_serial.c,163 :: 		Lcd_Chr_CP(1);
0x0408	0x3001      	MOVLW      1
0x0409	0x1703      	BSF        STATUS, 6
0x040A	0x0095      	MOVWF      FARG_Lcd_Chr_CP_out_char
0x040B	0x206A      	CALL       _Lcd_Chr_CP
;Controle_Fresadora_CNC_com_serial.c,164 :: 		lcd_out(2,1,"                ");
0x040C	0x3002      	MOVLW      2
0x040D	0x1703      	BSF        STATUS, 6
0x040E	0x0091      	MOVWF      FARG_Lcd_Out_row
0x040F	0x3001      	MOVLW      1
0x0410	0x0092      	MOVWF      FARG_Lcd_Out_column
0x0411	0x30B1      	MOVLW      ?lstr8_Controle_Fresadora_CNC_com_serial
0x0412	0x0093      	MOVWF      FARG_Lcd_Out_text
0x0413	0x2073      	CALL       _Lcd_Out
;Controle_Fresadora_CNC_com_serial.c,165 :: 		comando='x';
0x0414	0x3078      	MOVLW      120
0x0415	0x00DF      	MOVWF      _comando
;Controle_Fresadora_CNC_com_serial.c,166 :: 		detalhes_visuais();
0x0416	0x21A6      	CALL       _detalhes_visuais
;Controle_Fresadora_CNC_com_serial.c,167 :: 		break;
0x0417	0x2C33      	GOTO       L_main19
;Controle_Fresadora_CNC_com_serial.c,169 :: 		case 'H' :           portc.f3=1;
L_main28:
0x0418	0x1283      	BCF        STATUS, 5
0x0419	0x1587      	BSF        PORTC, 3
;Controle_Fresadora_CNC_com_serial.c,170 :: 		break;
0x041A	0x2C33      	GOTO       L_main19
;Controle_Fresadora_CNC_com_serial.c,172 :: 		}
L_main18:
0x041B	0x085F      	MOVF       _comando, 0
0x041C	0x3A62      	XORLW      98
0x041D	0x1903      	BTFSC      STATUS, 2
0x041E	0x2BC5      	GOTO       L_main20
0x041F	0x085F      	MOVF       _comando, 0
0x0420	0x3A66      	XORLW      102
0x0421	0x1903      	BTFSC      STATUS, 2
0x0422	0x2BD1      	GOTO       L_main22
0x0423	0x085F      	MOVF       _comando, 0
0x0424	0x3A68      	XORLW      104
0x0425	0x1903      	BTFSC      STATUS, 2
0x0426	0x2BDE      	GOTO       L_main24
0x0427	0x085F      	MOVF       _comando, 0
0x0428	0x3A42      	XORLW      66
0x0429	0x1903      	BTFSC      STATUS, 2
0x042A	0x2BEA      	GOTO       L_main26
0x042B	0x085F      	MOVF       _comando, 0
0x042C	0x3A46      	XORLW      70
0x042D	0x1903      	BTFSC      STATUS, 2
0x042E	0x2BEC      	GOTO       L_main27
0x042F	0x085F      	MOVF       _comando, 0
0x0430	0x3A48      	XORLW      72
0x0431	0x1903      	BTFSC      STATUS, 2
0x0432	0x2C18      	GOTO       L_main28
L_main19:
;Controle_Fresadora_CNC_com_serial.c,173 :: 		} //fim while
0x0433	0x2B41      	GOTO       L_main1
;Controle_Fresadora_CNC_com_serial.c,174 :: 		}
L_end_main:
0x0434	0x2C34      	GOTO       $+0
; end of _main
0x04FE	0x3020      	MOVLW      32
0x04FF	0x0084      	MOVWF      FSR
0x0500	0x3041      	MOVLW      65
0x0501	0x1283      	BCF        STATUS, 5
0x0502	0x1303      	BCF        STATUS, 6
0x0503	0x00F0      	MOVWF      R0
0x0504	0x303A      	MOVLW      58
0x0505	0x1683      	BSF        STATUS, 5
0x0506	0x00EE      	MOVWF      ___DoICPAddr
0x0507	0x3004      	MOVLW      4
0x0508	0x00EF      	MOVWF      239
0x0509	0x22E9      	CALL       745
0x050A	0x30A0      	MOVLW      160
0x050B	0x0084      	MOVWF      FSR
0x050C	0x3011      	MOVLW      17
0x050D	0x1283      	BCF        STATUS, 5
0x050E	0x00F0      	MOVWF      R0
0x050F	0x3096      	MOVLW      150
0x0510	0x1683      	BSF        STATUS, 5
0x0511	0x00EE      	MOVWF      ___DoICPAddr
0x0512	0x3004      	MOVLW      4
0x0513	0x00EF      	MOVWF      239
0x0514	0x22E9      	CALL       745
0x0515	0x3061      	MOVLW      97
0x0516	0x0084      	MOVWF      FSR
0x0517	0x300A      	MOVLW      10
0x0518	0x1283      	BCF        STATUS, 5
0x0519	0x00F0      	MOVWF      R0
0x051A	0x30C0      	MOVLW      192
0x051B	0x1683      	BSF        STATUS, 5
0x051C	0x00EE      	MOVWF      ___DoICPAddr
0x051D	0x3004      	MOVLW      4
0x051E	0x00EF      	MOVWF      239
0x051F	0x22E9      	CALL       745
0x0520	0x30B1      	MOVLW      177
0x0521	0x0084      	MOVWF      FSR
0x0522	0x301B      	MOVLW      27
0x0523	0x1283      	BCF        STATUS, 5
0x0524	0x00F0      	MOVWF      R0
0x0525	0x307B      	MOVLW      123
0x0526	0x1683      	BSF        STATUS, 5
0x0527	0x00EE      	MOVWF      ___DoICPAddr
0x0528	0x3004      	MOVLW      4
0x0529	0x00EF      	MOVWF      239
0x052A	0x22E9      	CALL       745
0x052B	0x306B      	MOVLW      107
0x052C	0x0084      	MOVWF      FSR
0x052D	0x3001      	MOVLW      1
0x052E	0x1283      	BCF        STATUS, 5
0x052F	0x00F0      	MOVWF      R0
0x0530	0x30FC      	MOVLW      252
0x0531	0x1683      	BSF        STATUS, 5
0x0532	0x00EE      	MOVWF      ___DoICPAddr
0x0533	0x3004      	MOVLW      4
0x0534	0x00EF      	MOVWF      239
0x0535	0x22E9      	CALL       745
0x0536	0x30CC      	MOVLW      204
0x0537	0x0084      	MOVWF      FSR
0x0538	0x300F      	MOVLW      15
0x0539	0x1283      	BCF        STATUS, 5
0x053A	0x00F0      	MOVWF      R0
0x053B	0x30A7      	MOVLW      167
0x053C	0x1683      	BSF        STATUS, 5
0x053D	0x00EE      	MOVWF      ___DoICPAddr
0x053E	0x3004      	MOVLW      4
0x053F	0x00EF      	MOVWF      239
0x0540	0x22E9      	CALL       745
0x0541	0x306C      	MOVLW      108
0x0542	0x0084      	MOVWF      FSR
0x0543	0x3002      	MOVLW      2
0x0544	0x1283      	BCF        STATUS, 5
0x0545	0x00F0      	MOVWF      R0
0x0546	0x30F9      	MOVLW      249
0x0547	0x1683      	BSF        STATUS, 5
0x0548	0x00EE      	MOVWF      ___DoICPAddr
0x0549	0x3004      	MOVLW      4
0x054A	0x00EF      	MOVWF      239
0x054B	0x22E9      	CALL       745
0x054C	0x30DB      	MOVLW      219
0x054D	0x0084      	MOVWF      FSR
0x054E	0x300A      	MOVLW      10
0x054F	0x1283      	BCF        STATUS, 5
0x0550	0x00F0      	MOVWF      R0
0x0551	0x30B6      	MOVLW      182
0x0552	0x1683      	BSF        STATUS, 5
0x0553	0x00EE      	MOVWF      ___DoICPAddr
0x0554	0x3004      	MOVLW      4
0x0555	0x00EF      	MOVWF      239
0x0556	0x22E9      	CALL       745
0x0557	0x306E      	MOVLW      110
0x0558	0x0084      	MOVWF      FSR
0x0559	0x3001      	MOVLW      1
0x055A	0x1283      	BCF        STATUS, 5
0x055B	0x00F0      	MOVWF      R0
0x055C	0x30FB      	MOVLW      251
0x055D	0x1683      	BSF        STATUS, 5
0x055E	0x00EE      	MOVWF      ___DoICPAddr
0x055F	0x3004      	MOVLW      4
0x0560	0x00EF      	MOVWF      239
0x0561	0x22E9      	CALL       745
0x0562	0x30E5      	MOVLW      229
0x0563	0x0084      	MOVWF      FSR
0x0564	0x3007      	MOVLW      7
0x0565	0x1283      	BCF        STATUS, 5
0x0566	0x00F0      	MOVWF      R0
0x0567	0x30F2      	MOVLW      242
0x0568	0x1683      	BSF        STATUS, 5
0x0569	0x00EE      	MOVWF      ___DoICPAddr
0x056A	0x3004      	MOVLW      4
0x056B	0x00EF      	MOVWF      239
0x056C	0x22E9      	CALL       745
0x056D	0x0008      	RETURN
;Controle_Fresadora_CNC_com_serial.c,0 :: ?ICS?lstr16_Controle_Fresadora_CNC_com_serial
0x043A	0x3446 ;?ICS?lstr16_Controle_Fresadora_CNC_com_serial+0
0x043B	0x346C ;?ICS?lstr16_Controle_Fresadora_CNC_com_serial+1
0x043C	0x3461 ;?ICS?lstr16_Controle_Fresadora_CNC_com_serial+2
0x043D	0x3476 ;?ICS?lstr16_Controle_Fresadora_CNC_com_serial+3
0x043E	0x3469 ;?ICS?lstr16_Controle_Fresadora_CNC_com_serial+4
0x043F	0x346F ;?ICS?lstr16_Controle_Fresadora_CNC_com_serial+5
0x0440	0x3420 ;?ICS?lstr16_Controle_Fresadora_CNC_com_serial+6
0x0441	0x3448 ;?ICS?lstr16_Controle_Fresadora_CNC_com_serial+7
0x0442	0x342E ;?ICS?lstr16_Controle_Fresadora_CNC_com_serial+8
0x0443	0x3420 ;?ICS?lstr16_Controle_Fresadora_CNC_com_serial+9
0x0444	0x344D ;?ICS?lstr16_Controle_Fresadora_CNC_com_serial+10
0x0445	0x342E ;?ICS?lstr16_Controle_Fresadora_CNC_com_serial+11
0x0446	0x3420 ;?ICS?lstr16_Controle_Fresadora_CNC_com_serial+12
0x0447	0x3442 ;?ICS?lstr16_Controle_Fresadora_CNC_com_serial+13
0x0448	0x3465 ;?ICS?lstr16_Controle_Fresadora_CNC_com_serial+14
0x0449	0x3472 ;?ICS?lstr16_Controle_Fresadora_CNC_com_serial+15
0x044A	0x3467 ;?ICS?lstr16_Controle_Fresadora_CNC_com_serial+16
0x044B	0x3461 ;?ICS?lstr16_Controle_Fresadora_CNC_com_serial+17
0x044C	0x346D ;?ICS?lstr16_Controle_Fresadora_CNC_com_serial+18
0x044D	0x3469 ;?ICS?lstr16_Controle_Fresadora_CNC_com_serial+19
0x044E	0x346E ;?ICS?lstr16_Controle_Fresadora_CNC_com_serial+20
0x044F	0x3469 ;?ICS?lstr16_Controle_Fresadora_CNC_com_serial+21
0x0450	0x3400 ;?ICS?lstr16_Controle_Fresadora_CNC_com_serial+22
; end of ?ICS?lstr16_Controle_Fresadora_CNC_com_serial
;Controle_Fresadora_CNC_com_serial.c,0 :: ?ICS?lstr15_Controle_Fresadora_CNC_com_serial
0x0451	0x3443 ;?ICS?lstr15_Controle_Fresadora_CNC_com_serial+0
0x0452	0x346F ;?ICS?lstr15_Controle_Fresadora_CNC_com_serial+1
0x0453	0x3470 ;?ICS?lstr15_Controle_Fresadora_CNC_com_serial+2
0x0454	0x3479 ;?ICS?lstr15_Controle_Fresadora_CNC_com_serial+3
0x0455	0x3472 ;?ICS?lstr15_Controle_Fresadora_CNC_com_serial+4
0x0456	0x3469 ;?ICS?lstr15_Controle_Fresadora_CNC_com_serial+5
0x0457	0x3467 ;?ICS?lstr15_Controle_Fresadora_CNC_com_serial+6
0x0458	0x3468 ;?ICS?lstr15_Controle_Fresadora_CNC_com_serial+7
0x0459	0x3474 ;?ICS?lstr15_Controle_Fresadora_CNC_com_serial+8
0x045A	0x3420 ;?ICS?lstr15_Controle_Fresadora_CNC_com_serial+9
0x045B	0x3452 ;?ICS?lstr15_Controle_Fresadora_CNC_com_serial+10
0x045C	0x3465 ;?ICS?lstr15_Controle_Fresadora_CNC_com_serial+11
0x045D	0x3473 ;?ICS?lstr15_Controle_Fresadora_CNC_com_serial+12
0x045E	0x3465 ;?ICS?lstr15_Controle_Fresadora_CNC_com_serial+13
0x045F	0x3472 ;?ICS?lstr15_Controle_Fresadora_CNC_com_serial+14
0x0460	0x3476 ;?ICS?lstr15_Controle_Fresadora_CNC_com_serial+15
0x0461	0x3465 ;?ICS?lstr15_Controle_Fresadora_CNC_com_serial+16
0x0462	0x3464 ;?ICS?lstr15_Controle_Fresadora_CNC_com_serial+17
0x0463	0x3420 ;?ICS?lstr15_Controle_Fresadora_CNC_com_serial+18
0x0464	0x3462 ;?ICS?lstr15_Controle_Fresadora_CNC_com_serial+19
0x0465	0x3479 ;?ICS?lstr15_Controle_Fresadora_CNC_com_serial+20
0x0466	0x3400 ;?ICS?lstr15_Controle_Fresadora_CNC_com_serial+21
; end of ?ICS?lstr15_Controle_Fresadora_CNC_com_serial
;Controle_Fresadora_CNC_com_serial.c,0 :: ?ICS?lstr9_Controle_Fresadora_CNC_com_serial
0x0467	0x3420 ;?ICS?lstr9_Controle_Fresadora_CNC_com_serial+0
0x0468	0x3456 ;?ICS?lstr9_Controle_Fresadora_CNC_com_serial+1
0x0469	0x3465 ;?ICS?lstr9_Controle_Fresadora_CNC_com_serial+2
0x046A	0x346C ;?ICS?lstr9_Controle_Fresadora_CNC_com_serial+3
0x046B	0x346F ;?ICS?lstr9_Controle_Fresadora_CNC_com_serial+4
0x046C	0x3463 ;?ICS?lstr9_Controle_Fresadora_CNC_com_serial+5
0x046D	0x3469 ;?ICS?lstr9_Controle_Fresadora_CNC_com_serial+6
0x046E	0x3464 ;?ICS?lstr9_Controle_Fresadora_CNC_com_serial+7
0x046F	0x3461 ;?ICS?lstr9_Controle_Fresadora_CNC_com_serial+8
0x0470	0x3464 ;?ICS?lstr9_Controle_Fresadora_CNC_com_serial+9
0x0471	0x3465 ;?ICS?lstr9_Controle_Fresadora_CNC_com_serial+10
0x0472	0x343A ;?ICS?lstr9_Controle_Fresadora_CNC_com_serial+11
0x0473	0x3420 ;?ICS?lstr9_Controle_Fresadora_CNC_com_serial+12
0x0474	0x3420 ;?ICS?lstr9_Controle_Fresadora_CNC_com_serial+13
0x0475	0x3400 ;?ICS?lstr9_Controle_Fresadora_CNC_com_serial+14
; end of ?ICS?lstr9_Controle_Fresadora_CNC_com_serial
;Controle_Fresadora_CNC_com_serial.c,0 :: ?ICS?lstr14_Controle_Fresadora_CNC_com_serial
0x0476	0x3420 ;?ICS?lstr14_Controle_Fresadora_CNC_com_serial+0
0x0477	0x3400 ;?ICS?lstr14_Controle_Fresadora_CNC_com_serial+1
; end of ?ICS?lstr14_Controle_Fresadora_CNC_com_serial
;Controle_Fresadora_CNC_com_serial.c,0 :: ?ICS?lstr13_Controle_Fresadora_CNC_com_serial
0x0478	0x3400 ;?ICS?lstr13_Controle_Fresadora_CNC_com_serial+0
; end of ?ICS?lstr13_Controle_Fresadora_CNC_com_serial
;Controle_Fresadora_CNC_com_serial.c,0 :: ?ICS_comando
0x0479	0x3478 ;?ICS_comando+0
; end of ?ICS_comando
;Controle_Fresadora_CNC_com_serial.c,0 :: ?ICS?lstr6_Controle_Fresadora_CNC_com_serial
0x047A	0x3400 ;?ICS?lstr6_Controle_Fresadora_CNC_com_serial+0
; end of ?ICS?lstr6_Controle_Fresadora_CNC_com_serial
;Controle_Fresadora_CNC_com_serial.c,0 :: ?ICS?lstr8_Controle_Fresadora_CNC_com_serial
0x047B	0x3420 ;?ICS?lstr8_Controle_Fresadora_CNC_com_serial+0
0x047C	0x3420 ;?ICS?lstr8_Controle_Fresadora_CNC_com_serial+1
0x047D	0x3420 ;?ICS?lstr8_Controle_Fresadora_CNC_com_serial+2
0x047E	0x3420 ;?ICS?lstr8_Controle_Fresadora_CNC_com_serial+3
0x047F	0x3420 ;?ICS?lstr8_Controle_Fresadora_CNC_com_serial+4
0x0480	0x3420 ;?ICS?lstr8_Controle_Fresadora_CNC_com_serial+5
0x0481	0x3420 ;?ICS?lstr8_Controle_Fresadora_CNC_com_serial+6
0x0482	0x3420 ;?ICS?lstr8_Controle_Fresadora_CNC_com_serial+7
0x0483	0x3420 ;?ICS?lstr8_Controle_Fresadora_CNC_com_serial+8
0x0484	0x3420 ;?ICS?lstr8_Controle_Fresadora_CNC_com_serial+9
0x0485	0x3420 ;?ICS?lstr8_Controle_Fresadora_CNC_com_serial+10
0x0486	0x3420 ;?ICS?lstr8_Controle_Fresadora_CNC_com_serial+11
0x0487	0x3420 ;?ICS?lstr8_Controle_Fresadora_CNC_com_serial+12
0x0488	0x3420 ;?ICS?lstr8_Controle_Fresadora_CNC_com_serial+13
0x0489	0x3420 ;?ICS?lstr8_Controle_Fresadora_CNC_com_serial+14
0x048A	0x3420 ;?ICS?lstr8_Controle_Fresadora_CNC_com_serial+15
0x048B	0x3400 ;?ICS?lstr8_Controle_Fresadora_CNC_com_serial+16
; end of ?ICS?lstr8_Controle_Fresadora_CNC_com_serial
;Controle_Fresadora_CNC_com_serial.c,0 :: ?ICS?lstr7_Controle_Fresadora_CNC_com_serial
0x048C	0x3472 ;?ICS?lstr7_Controle_Fresadora_CNC_com_serial+0
0x048D	0x3465 ;?ICS?lstr7_Controle_Fresadora_CNC_com_serial+1
0x048E	0x3473 ;?ICS?lstr7_Controle_Fresadora_CNC_com_serial+2
0x048F	0x3461 ;?ICS?lstr7_Controle_Fresadora_CNC_com_serial+3
0x0490	0x3464 ;?ICS?lstr7_Controle_Fresadora_CNC_com_serial+4
0x0491	0x346F ;?ICS?lstr7_Controle_Fresadora_CNC_com_serial+5
0x0492	0x3472 ;?ICS?lstr7_Controle_Fresadora_CNC_com_serial+6
0x0493	0x3461 ;?ICS?lstr7_Controle_Fresadora_CNC_com_serial+7
0x0494	0x3420 ;?ICS?lstr7_Controle_Fresadora_CNC_com_serial+8
0x0495	0x3400 ;?ICS?lstr7_Controle_Fresadora_CNC_com_serial+9
; end of ?ICS?lstr7_Controle_Fresadora_CNC_com_serial
;Controle_Fresadora_CNC_com_serial.c,0 :: ?ICS?lstr5_Controle_Fresadora_CNC_com_serial
0x0496	0x3420 ;?ICS?lstr5_Controle_Fresadora_CNC_com_serial+0
0x0497	0x3420 ;?ICS?lstr5_Controle_Fresadora_CNC_com_serial+1
0x0498	0x3420 ;?ICS?lstr5_Controle_Fresadora_CNC_com_serial+2
0x0499	0x3420 ;?ICS?lstr5_Controle_Fresadora_CNC_com_serial+3
0x049A	0x3420 ;?ICS?lstr5_Controle_Fresadora_CNC_com_serial+4
0x049B	0x3420 ;?ICS?lstr5_Controle_Fresadora_CNC_com_serial+5
0x049C	0x3420 ;?ICS?lstr5_Controle_Fresadora_CNC_com_serial+6
0x049D	0x3420 ;?ICS?lstr5_Controle_Fresadora_CNC_com_serial+7
0x049E	0x3420 ;?ICS?lstr5_Controle_Fresadora_CNC_com_serial+8
0x049F	0x3420 ;?ICS?lstr5_Controle_Fresadora_CNC_com_serial+9
0x04A0	0x3420 ;?ICS?lstr5_Controle_Fresadora_CNC_com_serial+10
0x04A1	0x3420 ;?ICS?lstr5_Controle_Fresadora_CNC_com_serial+11
0x04A2	0x3420 ;?ICS?lstr5_Controle_Fresadora_CNC_com_serial+12
0x04A3	0x3420 ;?ICS?lstr5_Controle_Fresadora_CNC_com_serial+13
0x04A4	0x3420 ;?ICS?lstr5_Controle_Fresadora_CNC_com_serial+14
0x04A5	0x3420 ;?ICS?lstr5_Controle_Fresadora_CNC_com_serial+15
0x04A6	0x3400 ;?ICS?lstr5_Controle_Fresadora_CNC_com_serial+16
; end of ?ICS?lstr5_Controle_Fresadora_CNC_com_serial
;Controle_Fresadora_CNC_com_serial.c,0 :: ?ICS?lstr11_Controle_Fresadora_CNC_com_serial
0x04A7	0x3420 ;?ICS?lstr11_Controle_Fresadora_CNC_com_serial+0
0x04A8	0x344D ;?ICS?lstr11_Controle_Fresadora_CNC_com_serial+1
0x04A9	0x3465 ;?ICS?lstr11_Controle_Fresadora_CNC_com_serial+2
0x04AA	0x3464 ;?ICS?lstr11_Controle_Fresadora_CNC_com_serial+3
0x04AB	0x3469 ;?ICS?lstr11_Controle_Fresadora_CNC_com_serial+4
0x04AC	0x3461 ;?ICS?lstr11_Controle_Fresadora_CNC_com_serial+5
0x04AD	0x3420 ;?ICS?lstr11_Controle_Fresadora_CNC_com_serial+6
0x04AE	0x3400 ;?ICS?lstr11_Controle_Fresadora_CNC_com_serial+7
; end of ?ICS?lstr11_Controle_Fresadora_CNC_com_serial
;Controle_Fresadora_CNC_com_serial.c,0 :: ?ICS?lstr10_Controle_Fresadora_CNC_com_serial
0x04AF	0x344D ;?ICS?lstr10_Controle_Fresadora_CNC_com_serial+0
0x04B0	0x3461 ;?ICS?lstr10_Controle_Fresadora_CNC_com_serial+1
0x04B1	0x3478 ;?ICS?lstr10_Controle_Fresadora_CNC_com_serial+2
0x04B2	0x3469 ;?ICS?lstr10_Controle_Fresadora_CNC_com_serial+3
0x04B3	0x346D ;?ICS?lstr10_Controle_Fresadora_CNC_com_serial+4
0x04B4	0x3461 ;?ICS?lstr10_Controle_Fresadora_CNC_com_serial+5
0x04B5	0x3400 ;?ICS?lstr10_Controle_Fresadora_CNC_com_serial+6
; end of ?ICS?lstr10_Controle_Fresadora_CNC_com_serial
;Controle_Fresadora_CNC_com_serial.c,0 :: ?ICS?lstr2_Controle_Fresadora_CNC_com_serial
0x04B6	0x3472 ;?ICS?lstr2_Controle_Fresadora_CNC_com_serial+0
0x04B7	0x3465 ;?ICS?lstr2_Controle_Fresadora_CNC_com_serial+1
0x04B8	0x3473 ;?ICS?lstr2_Controle_Fresadora_CNC_com_serial+2
0x04B9	0x3461 ;?ICS?lstr2_Controle_Fresadora_CNC_com_serial+3
0x04BA	0x3464 ;?ICS?lstr2_Controle_Fresadora_CNC_com_serial+4
0x04BB	0x346F ;?ICS?lstr2_Controle_Fresadora_CNC_com_serial+5
0x04BC	0x3472 ;?ICS?lstr2_Controle_Fresadora_CNC_com_serial+6
0x04BD	0x3461 ;?ICS?lstr2_Controle_Fresadora_CNC_com_serial+7
0x04BE	0x3420 ;?ICS?lstr2_Controle_Fresadora_CNC_com_serial+8
0x04BF	0x3400 ;?ICS?lstr2_Controle_Fresadora_CNC_com_serial+9
; end of ?ICS?lstr2_Controle_Fresadora_CNC_com_serial
;Controle_Fresadora_CNC_com_serial.c,0 :: ?ICS?lstr4_Controle_Fresadora_CNC_com_serial
0x04C0	0x3472 ;?ICS?lstr4_Controle_Fresadora_CNC_com_serial+0
0x04C1	0x3465 ;?ICS?lstr4_Controle_Fresadora_CNC_com_serial+1
0x04C2	0x3473 ;?ICS?lstr4_Controle_Fresadora_CNC_com_serial+2
0x04C3	0x3461 ;?ICS?lstr4_Controle_Fresadora_CNC_com_serial+3
0x04C4	0x3464 ;?ICS?lstr4_Controle_Fresadora_CNC_com_serial+4
0x04C5	0x346F ;?ICS?lstr4_Controle_Fresadora_CNC_com_serial+5
0x04C6	0x3472 ;?ICS?lstr4_Controle_Fresadora_CNC_com_serial+6
0x04C7	0x3461 ;?ICS?lstr4_Controle_Fresadora_CNC_com_serial+7
0x04C8	0x3420 ;?ICS?lstr4_Controle_Fresadora_CNC_com_serial+8
0x04C9	0x3400 ;?ICS?lstr4_Controle_Fresadora_CNC_com_serial+9
; end of ?ICS?lstr4_Controle_Fresadora_CNC_com_serial
;Controle_Fresadora_CNC_com_serial.c,21 :: _characterC
0x04CA	0x340E ;_characterC+0
0x04CB	0x341D ;_characterC+1
0x04CC	0x341C ;_characterC+2
0x04CD	0x341C ;_characterC+3
0x04CE	0x341C ;_characterC+4
0x04CF	0x341D ;_characterC+5
0x04D0	0x340E ;_characterC+6
0x04D1	0x3400 ;_characterC+7
; end of _characterC
;Controle_Fresadora_CNC_com_serial.c,23 :: _character1
0x04D2	0x3415 ;_character1+0
0x04D3	0x340A ;_character1+1
0x04D4	0x3415 ;_character1+2
0x04D5	0x340A ;_character1+3
0x04D6	0x3415 ;_character1+4
0x04D7	0x340A ;_character1+5
0x04D8	0x3415 ;_character1+6
0x04D9	0x3400 ;_character1+7
; end of _character1
;Controle_Fresadora_CNC_com_serial.c,22 :: _characterN
0x04DA	0x3419 ;_characterN+0
0x04DB	0x341D ;_characterN+1
0x04DC	0x341D ;_characterN+2
0x04DD	0x341F ;_characterN+3
0x04DE	0x341B ;_characterN+4
0x04DF	0x341B ;_characterN+5
0x04E0	0x3419 ;_characterN+6
0x04E1	0x3400 ;_characterN+7
; end of _characterN
;Controle_Fresadora_CNC_com_serial.c,24 :: _characterB
0x04E2	0x341F ;_characterB+0
0x04E3	0x3419 ;_characterB+1
0x04E4	0x3417 ;_characterB+2
0x04E5	0x3413 ;_characterB+3
0x04E6	0x3417 ;_characterB+4
0x04E7	0x3417 ;_characterB+5
0x04E8	0x341F ;_characterB+6
0x04E9	0x341F ;_characterB+7
; end of _characterB
;Controle_Fresadora_CNC_com_serial.c,20 :: _characterF
0x04EA	0x340F ;_characterF+0
0x04EB	0x3418 ;_characterF+1
0x04EC	0x341E ;_characterF+2
0x04ED	0x3418 ;_characterF+3
0x04EE	0x3418 ;_characterF+4
0x04EF	0x3418 ;_characterF+5
0x04F0	0x3410 ;_characterF+6
0x04F1	0x3400 ;_characterF+7
; end of _characterF
;Controle_Fresadora_CNC_com_serial.c,0 :: ?ICS?lstr12_Controle_Fresadora_CNC_com_serial
0x04F2	0x344D ;?ICS?lstr12_Controle_Fresadora_CNC_com_serial+0
0x04F3	0x3469 ;?ICS?lstr12_Controle_Fresadora_CNC_com_serial+1
0x04F4	0x346E ;?ICS?lstr12_Controle_Fresadora_CNC_com_serial+2
0x04F5	0x3469 ;?ICS?lstr12_Controle_Fresadora_CNC_com_serial+3
0x04F6	0x346D ;?ICS?lstr12_Controle_Fresadora_CNC_com_serial+4
0x04F7	0x3461 ;?ICS?lstr12_Controle_Fresadora_CNC_com_serial+5
0x04F8	0x3400 ;?ICS?lstr12_Controle_Fresadora_CNC_com_serial+6
; end of ?ICS?lstr12_Controle_Fresadora_CNC_com_serial
;Controle_Fresadora_CNC_com_serial.c,0 :: ?ICS_rpm
0x04F9	0x3400 ;?ICS_rpm+0
0x04FA	0x3400 ;?ICS_rpm+1
; end of ?ICS_rpm
;Controle_Fresadora_CNC_com_serial.c,0 :: ?ICS?lstr1_Controle_Fresadora_CNC_com_serial
0x04FB	0x3400 ;?ICS?lstr1_Controle_Fresadora_CNC_com_serial+0
; end of ?ICS?lstr1_Controle_Fresadora_CNC_com_serial
;Controle_Fresadora_CNC_com_serial.c,0 :: ?ICS?lstr3_Controle_Fresadora_CNC_com_serial
0x04FC	0x3400 ;?ICS?lstr3_Controle_Fresadora_CNC_com_serial+0
; end of ?ICS?lstr3_Controle_Fresadora_CNC_com_serial
Symbol List:
//** Routines locations **
//ADDRESS    SIZE    PROCEDURE
//----------------------------------------------
0x0003       [5]    _Delay_1us
0x0008      [11]    _Delay_5500us
0x0013       [8]    _Delay_50us
0x001B      [67]    _Lcd_Cmd
0x005E      [12]    _UART1_Write
0x006A       [9]    _Lcd_Chr_CP
0x0073      [67]    _Lcd_Out
0x00B6       [7]    _Delay_22us
0x00BD      [23]    _UART1_Write_Text
0x00D4       [7]    _____DoICP
0x00DB       [7]    _UART1_Data_Ready
0x00E2     [147]    _caracteres
0x0175      [38]    _ADC_Read
0x019B      [11]    _UART1_Read
0x01A6      [95]    _detalhes_visuais
0x0205      [16]    _UART1_Init
0x0215     [105]    _ferramenta_AD
0x027E      [78]    _Lcd_Init
0x02CC      [29]    _suporte
0x02E9      [12]    ___CC2DW
0x02F5     [319]    _main
//** Variables locations ** 
//ADDRESS    SIZE    VARIABLE
//----------------------------------------------
0x0000       [1]    INDF
0x0002       [1]    PCL
0x0003       [1]    STATUS
0x0004       [1]    FSR
0x0005       [1]    PORTA
0x0006       [0]    RB2_bit
0x0006       [0]    LCD_D4
0x0006       [1]    PORTB
0x0006       [0]    LCD_RS
0x0006       [0]    LCD_EN
0x0006       [0]    RB3_bit
0x0006       [0]    LCD_D7
0x0006       [0]    RB6_bit
0x0006       [0]    RB7_bit
0x0006       [0]    RB5_bit
0x0006       [0]    LCD_D5
0x0006       [0]    RB4_bit
0x0006       [0]    LCD_D6
0x0007       [1]    PORTC
0x000A       [1]    PCLATH
0x000C       [1]    PIR1
0x0018       [1]    RCSTA
0x0019       [1]    TXREG
0x001A       [1]    RCREG
0x001E       [1]    ADRESH
0x001F       [1]    ADCON0
0x0020      [23]    ?lstr16_Controle_Fresadora_CNC_com_serial
0x0037      [22]    ?lstr15_Controle_Fresadora_CNC_com_serial
0x004D      [15]    ?lstr9_Controle_Fresadora_CNC_com_serial
0x005C       [2]    ?lstr14_Controle_Fresadora_CNC_com_serial
0x005E       [1]    ?lstr13_Controle_Fresadora_CNC_com_serial
0x005F       [1]    _comando
0x0060       [1]    ?lstr6_Controle_Fresadora_CNC_com_serial
0x0061      [10]    ?lstr4_Controle_Fresadora_CNC_com_serial
0x006B       [1]    ?lstr3_Controle_Fresadora_CNC_com_serial
0x006C       [2]    _rpm
0x006E       [1]    ?lstr1_Controle_Fresadora_CNC_com_serial
0x006F       [0]    __Lib_Lcd_cmd_status
0x0070       [1]    R0
0x0071       [1]    R1
0x0072       [1]    R2
0x0073       [1]    R3
0x0074       [1]    R4
0x0075       [1]    R5
0x0076       [1]    R6
0x0077       [1]    R7
0x0078       [1]    R8
0x0079       [1]    R9
0x007A       [1]    R10
0x007B       [1]    R11
0x007C       [1]    R12
0x007D       [1]    R13
0x007E       [1]    R14
0x007F       [1]    R15
0x0085       [1]    TRISA
0x0086       [0]    TRISB2_bit
0x0086       [1]    TRISB
0x0086       [0]    LCD_D7_Direction
0x0086       [0]    TRISB5_bit
0x0086       [0]    LCD_D5_Direction
0x0086       [0]    LCD_D4_Direction
0x0086       [0]    LCD_EN_Direction
0x0086       [0]    TRISB6_bit
0x0086       [0]    LCD_RS_Direction
0x0086       [0]    TRISB3_bit
0x0086       [0]    LCD_D6_Direction
0x0086       [0]    TRISB7_bit
0x0086       [0]    TRISB4_bit
0x0087       [1]    TRISC
0x0087       [0]    TRISC6_bit
0x0087       [0]    TRISC7_bit
0x0098       [1]    TXSTA
0x0099       [1]    SPBRG
0x009E       [1]    ADRESL
0x009F       [1]    ADCON1
0x00A0      [17]    ?lstr5_Controle_Fresadora_CNC_com_serial
0x00B1      [17]    ?lstr8_Controle_Fresadora_CNC_com_serial
0x00C2      [10]    ?lstr7_Controle_Fresadora_CNC_com_serial
0x00CC       [8]    ?lstr11_Controle_Fresadora_CNC_com_serial
0x00D4       [7]    ?lstr10_Controle_Fresadora_CNC_com_serial
0x00DB      [10]    ?lstr2_Controle_Fresadora_CNC_com_serial
0x00E5       [7]    ?lstr12_Controle_Fresadora_CNC_com_serial
0x00EC       [2]    _x
0x00EE       [2]    ___DoICPAddr
0x0110       [1]    FARG_ADC_Read_channel
0x0110       [1]    caracteres_i_L0
0x0111       [1]    FARG_Lcd_Out_row
0x0111       [1]    FARG_UART1_Write_Text_uart_text
0x0112       [1]    FARG_Lcd_Out_column
0x0112       [1]    UART1_Write_Text_data__L0
0x0113       [1]    UART1_Write_Text_counter_L0
0x0113       [1]    FARG_Lcd_Out_text
0x0114       [1]    Lcd_Out_i_L0
0x0115       [1]    FARG_UART1_Write_data_
0x0115       [1]    FARG_Lcd_Chr_CP_out_char
0x0116       [1]    FARG_Lcd_Cmd_out_char
//** Constants locations ** 
//ADDRESS    SIZE    CONSTANT
//----------------------------------------------
0x043A      [23]    ?ICS?lstr16_Controle_Fresadora_CNC_com_serial
0x0451      [22]    ?ICS?lstr15_Controle_Fresadora_CNC_com_serial
0x0467      [15]    ?ICS?lstr9_Controle_Fresadora_CNC_com_serial
0x0476       [2]    ?ICS?lstr14_Controle_Fresadora_CNC_com_serial
0x0478       [1]    ?ICS?lstr13_Controle_Fresadora_CNC_com_serial
0x0479       [1]    ?ICS_comando
0x047A       [1]    ?ICS?lstr6_Controle_Fresadora_CNC_com_serial
0x047B      [17]    ?ICS?lstr8_Controle_Fresadora_CNC_com_serial
0x048C      [10]    ?ICS?lstr7_Controle_Fresadora_CNC_com_serial
0x0496      [17]    ?ICS?lstr5_Controle_Fresadora_CNC_com_serial
0x04A7       [8]    ?ICS?lstr11_Controle_Fresadora_CNC_com_serial
0x04AF       [7]    ?ICS?lstr10_Controle_Fresadora_CNC_com_serial
0x04B6      [10]    ?ICS?lstr2_Controle_Fresadora_CNC_com_serial
0x04C0      [10]    ?ICS?lstr4_Controle_Fresadora_CNC_com_serial
0x04CA       [8]    _characterC
0x04D2       [8]    _character1
0x04DA       [8]    _characterN
0x04E2       [8]    _characterB
0x04EA       [8]    _characterF
0x04F2       [7]    ?ICS?lstr12_Controle_Fresadora_CNC_com_serial
0x04F9       [2]    ?ICS_rpm
0x04FB       [1]    ?ICS?lstr1_Controle_Fresadora_CNC_com_serial
0x04FC       [1]    ?ICS?lstr3_Controle_Fresadora_CNC_com_serial
//** Label List: ** 
//----------------------------------------------
  L_main0
  L_main1
  L_main2
  L_main3
  L_main4
  L_main5
  L_main6
  L_main7
  L_main8
  L_main9
  L_main10
  L_main11
  L_main12
  L_main13
  L_main14
  L_main15
  L_main16
  L_main17
  L_main18
  L_main19
  L_main20
  L_main21
  L_main22
  L_main23
  L_main24
  L_main25
  L_main26
  L_main27
  L_main28
  L_ferramenta_AD29
  L_ferramenta_AD30
  L_ferramenta_AD31
  L_ferramenta_AD32
  L_ferramenta_AD33
  L_ferramenta_AD34
  L_ferramenta_AD35
  L_ferramenta_AD36
  L_ferramenta_AD37
  L_caracteres38
  L_caracteres39
  L_caracteres40
  L_caracteres41
  L_caracteres42
  L_caracteres43
  L_caracteres44
  L_caracteres45
  L_caracteres46
  L_caracteres47
  L_caracteres48
  L_caracteres49
  L_caracteres50
  L_caracteres51
  L_caracteres52
  L_detalhes_visuais53
  L_detalhes_visuais54
  L_detalhes_visuais55
  L_detalhes_visuais56
  L_detalhes_visuais57
  L_detalhes_visuais58
  L_detalhes_visuais59
  L_detalhes_visuais60
  L_suporte61
  L__main62
  L__ferramenta_AD63
  L__ferramenta_AD64
  L__ferramenta_AD65
  L_end_main
  _main
  L_end_ferramenta_AD
  _ferramenta_AD
  L__ferramenta_AD68
  L__ferramenta_AD69
  L__ferramenta_AD70
  L__ferramenta_AD71
  L__ferramenta_AD72
  L__ferramenta_AD73
  L_end_caracteres
  _caracteres
  L_end_detalhes_visuais
  _detalhes_visuais
  L__detalhes_visuais76
  L__detalhes_visuais77
  L_end_suporte
  _suporte
  L_ADC_Get_Sample0
  L_ADC_Get_Sample1
  L_ADC_Read2
  L_ADC_Read3
  L_end_ADC_Init
  _ADC_Init
  L_end_ADC_Get_Sample
  _ADC_Get_Sample
  L_end_ADC_Read
  _ADC_Read
  L_Delay_10us0
  L_Delay_22us1
  L_Delay_50us2
  L_Delay_80us3
  L_Delay_500us4
  L_Delay_5500us5
  L_Delay_1ms6
  L_Delay_5ms7
  L_Delay_8ms8
  L_Delay_10ms9
  L_Delay_100ms10
  L_Delay_1sec11
  L_boot16_Delay_5ms12
  L_Delay_Cyc13
  L_Delay_Cyc14
  L_VDelay_ms15
  L_VDelay_ms16
  L_VDelay_ms17
  L_VDelay_Advanced_ms18
  L_VDelay_Advanced_ms19
  L_VDelay_Advanced_ms20
  L_end_Get_Fosc_kHz
  _Get_Fosc_kHz
  L_end_Delay_1us
  _Delay_1us
  L_end_Delay_10us
  _Delay_10us
  L_end_Delay_22us
  _Delay_22us
  L_end_Delay_50us
  _Delay_50us
  L_end_Delay_80us
  _Delay_80us
  L_end_Delay_500us
  _Delay_500us
  L_end_Delay_5500us
  _Delay_5500us
  L_end_Delay_1ms
  _Delay_1ms
  L_end_Delay_5ms
  _Delay_5ms
  L_end_Delay_8ms
  _Delay_8ms
  L_end_Delay_10ms
  _Delay_10ms
  L_end_Delay_100ms
  _Delay_100ms
  L_end_Delay_1sec
  _Delay_1sec
  L_end_boot16_Delay_5ms
  _boot16_Delay_5ms
  L_end_Delay_Cyc
  _Delay_Cyc
  L_end_VDelay_ms
  _VDelay_ms
  L__VDelay_ms38
  L__VDelay_ms39
  L__VDelay_ms40
  L_end_VDelay_Advanced_ms
  _VDelay_Advanced_ms
  L__VDelay_Advanced_ms42
  L__VDelay_Advanced_ms43
  L__VDelay_Advanced_ms44
  L_Lcd_Cmd0
  L_Lcd_Cmd1
  L_Lcd_Out_CP2
  L_Lcd_Out_CP3
  L_Lcd_Chr4
  L_Lcd_Chr5
  L_Lcd_Chr6
  L_Lcd_Chr7
  L_Lcd_Chr8
  L_Lcd_Chr9
  L_Lcd_Chr10
  L_Lcd_Out11
  L_Lcd_Out12
  L_Lcd_Out13
  L_Lcd_Out14
  L_Lcd_Out15
  L_Lcd_Out16
  L_Lcd_Out17
  L_Lcd_Out18
  L_Lcd_Out19
  L_end_Lcd_Cmd
  _Lcd_Cmd
  L__Lcd_Cmd21
  L__Lcd_Cmd22
  L__Lcd_Cmd23
  L__Lcd_Cmd24
  L__Lcd_Cmd25
  L__Lcd_Cmd26
  L__Lcd_Cmd27
  L__Lcd_Cmd28
  L__Lcd_Cmd29
  L__Lcd_Cmd30
  L__Lcd_Cmd31
  L__Lcd_Cmd32
  L__Lcd_Cmd33
  L__Lcd_Cmd34
  L__Lcd_Cmd35
  L__Lcd_Cmd36
  L__Lcd_Cmd37
  L__Lcd_Cmd38
  L__Lcd_Cmd39
  L__Lcd_Cmd40
  L_end_Lcd_Chr_CP
  _Lcd_Chr_CP
  L_end_Lcd_Out_CP
  _Lcd_Out_CP
  L_end_Lcd_Chr
  _Lcd_Chr
  L_end_Lcd_Init
  _Lcd_Init
  L_end_Lcd_Out
  _Lcd_Out
  L_loopCA2AWs
  L_CA2AWend
  _CCA2AW_Loop1
  L_loopCS2Ss
  L_CS2Send
  _CCS2S_Loop1
  L_CCS2Send
  L_loopFZinSWs
  L_FZinSend
  _CC2D_Loop1
  L_end_____DoICP
  _____DoICP
  L_end_____DoIFC
  _____DoIFC
  L_end___CA2AW
  ___CA2AW
  L_end___CCA2AW
  ___CCA2AW
  L_end___CS2S
  ___CS2S
  L_end___CCS2S
  ___CCS2S
  L_end___FZinS
  ___FZinS
  L_end___CC2DW
  ___CC2DW
  L_end_Swap
  _Swap
  L_UART1_Init0
  L_UART1_Init1
  L_UART1_Read2
  L_UART1_Write3
  L_UART1_Write4
  L_UART1_Write_Text5
  L_UART1_Write_Text6
  L_UART1_Read_Text7
  L_UART1_Read_Text8
  L_UART1_Read_Text9
  L_UART1_Read_Text10
  L_UART1_Read_Text11
  L_UART1_Read_Text12
  L_UART1_Read_Text13
  L_UART1_Read_Text14
  L_UART1_Read_Text15
  L_end_UART1_Init
  _UART1_Init
  L_end_UART1_Data_Ready
  _UART1_Data_Ready
  L_end_UART1_Read
  _UART1_Read
  L_end_UART1_Tx_Idle
  _UART1_Tx_Idle
  L_end_UART1_Write
  _UART1_Write
  L_end_UART1_Write_Text
  _UART1_Write_Text
  L_end_UART1_Read_Text
  _UART1_Read_Text
